

Could not find a 10x cloud token in the default user directory.  In order to enable cell annotation, run cellranger cloud auth setup, or please supply a --tenx-cloud-token-path argument.
tar: Removing leading `/' from member names
error: Found argument '--output-dir' which wasn't expected, or isn't valid in this context

	If you tried to supply `--output-dir` as a value rather than a flag, use `-- --output-dir`

USAGE:
    cellranger count --id <ID> --transcriptome <PATH>

For more information try --help
error: Found argument '--output-dir' which wasn't expected, or isn't valid in this context

	If you tried to supply `--output-dir` as a value rather than a flag, use `-- --output-dir`

USAGE:
    cellranger count --id <ID> --transcriptome <PATH>

For more information try --help
error: Found argument '--output-dir' which wasn't expected, or isn't valid in this context

	If you tried to supply `--output-dir` as a value rather than a flag, use `-- --output-dir`

USAGE:
    cellranger count --id <ID> --transcriptome <PATH>

For more information try --help
error: Found argument '--output-dir' which wasn't expected, or isn't valid in this context

	If you tried to supply `--output-dir` as a value rather than a flag, use `-- --output-dir`

USAGE:
    cellranger count --id <ID> --transcriptome <PATH>

For more information try --help
