2025-02-27 18:32:43,938 - DEBUG - Using logic: Default
2025-02-27 18:32:44,289 - INFO - Read 6568 cell barcodes from /groups/mpistaff/Cranio_Lab/Louk_Seton/4_species_project/cellranger_related/cellranger_output/sc_rnaseq/mouse/mm10/ME8/outs/filtered_feature_bc_matrix/barcodes.tsv.gz
2025-02-27 18:32:44,289 - DEBUG - Example of barcode: AAACCCAAGGACAGCT and cell_id: ME8:AAACCCAAGGACAGCT-1
2025-02-27 18:32:44,906 - DEBUG - Peeking into /groups/mpistaff/Cranio_Lab/Louk_Seton/4_species_project/cellranger_related/cellranger_output/sc_rnaseq/mouse/mm10/ME8/outs/possorted_genome_bam.bam
2025-02-27 18:32:58,819 - WARNING - Not found cell and umi barcode in entry 69 of the bam file
2025-02-27 18:32:58,988 - WARNING - Not found cell and umi barcode in entry 95 of the bam file
2025-02-27 18:32:58,988 - WARNING - Not found cell and umi barcode in entry 97 of the bam file
2025-02-27 18:32:58,988 - WARNING - Not found cell and umi barcode in entry 111 of the bam file
2025-02-27 18:32:58,995 - WARNING - Not found cell and umi barcode in entry 157 of the bam file
2025-02-27 18:32:58,995 - WARNING - Not found cell and umi barcode in entry 217 of the bam file
2025-02-27 18:32:58,995 - WARNING - Not found cell and umi barcode in entry 233 of the bam file
2025-02-27 18:32:58,996 - WARNING - Not found cell and umi barcode in entry 240 of the bam file
2025-02-27 18:32:58,996 - WARNING - Not found cell and umi barcode in entry 255 of the bam file
2025-02-27 18:32:59,000 - WARNING - Not found cell and umi barcode in entry 377 of the bam file
2025-02-27 18:32:59,249 - WARNING - Not found cell and umi barcode in entry 438 of the bam file
2025-02-27 18:32:59,249 - WARNING - Not found cell and umi barcode in entry 439 of the bam file
2025-02-27 18:32:59,249 - WARNING - Not found cell and umi barcode in entry 441 of the bam file
2025-02-27 18:32:59,250 - WARNING - Not found cell and umi barcode in entry 505 of the bam file
2025-02-27 18:32:59,250 - WARNING - Not found cell and umi barcode in entry 527 of the bam file
2025-02-27 18:32:59,251 - WARNING - Not found cell and umi barcode in entry 536 of the bam file
2025-02-27 18:32:59,251 - WARNING - Not found cell and umi barcode in entry 549 of the bam file
2025-02-27 18:32:59,257 - WARNING - Not found cell and umi barcode in entry 751 of the bam file
2025-02-27 18:32:59,257 - WARNING - Not found cell and umi barcode in entry 752 of the bam file
2025-02-27 18:32:59,270 - WARNING - Not found cell and umi barcode in entry 778 of the bam file
2025-02-27 18:32:59,270 - WARNING - Not found cell and umi barcode in entry 798 of the bam file
2025-02-27 18:32:59,270 - WARNING - Not found cell and umi barcode in entry 799 of the bam file
2025-02-27 18:32:59,274 - WARNING - Not found cell and umi barcode in entry 913 of the bam file
2025-02-27 18:32:59,878 - INFO - Starting the sorting process of /groups/mpistaff/Cranio_Lab/Louk_Seton/4_species_project/cellranger_related/cellranger_output/sc_rnaseq/mouse/mm10/ME8/outs/possorted_genome_bam.bam the output will be at: /groups/mpistaff/Cranio_Lab/Louk_Seton/4_species_project/cellranger_related/cellranger_output/sc_rnaseq/mouse/mm10/ME8/outs/cellsorted_possorted_genome_bam.bam
2025-02-27 18:32:59,878 - INFO - Command being run is: samtools sort -l 7 -m 5120M -t CB -O BAM -@ 16 -o /groups/mpistaff/Cranio_Lab/Louk_Seton/4_species_project/cellranger_related/cellranger_output/sc_rnaseq/mouse/mm10/ME8/outs/cellsorted_possorted_genome_bam.bam /groups/mpistaff/Cranio_Lab/Louk_Seton/4_species_project/cellranger_related/cellranger_output/sc_rnaseq/mouse/mm10/ME8/outs/possorted_genome_bam.bam
2025-02-27 18:32:59,878 - INFO - While the bam sorting happens do other things...
2025-02-27 18:32:59,878 - INFO - Load the annotation from /groups/mpistaff/Cranio_Lab/Louk_Seton/4_species_project/cellranger_related/cellranger-9.0.1/reference_genomes/mm10/genes/genes.gtf
2025-02-27 18:36:41,474 - DEBUG - Parsing Chromosome 1 strand - [line 0]
2025-02-27 18:36:41,856 - DEBUG - Done with 1- [line 55804]
2025-02-27 18:36:41,856 - DEBUG - Assigning indexes to genes
2025-02-27 18:36:41,861 - DEBUG - Seen 959 genes until now
2025-02-27 18:36:41,861 - DEBUG - Parsing Chromosome 1 strand + [line 55805]
2025-02-27 18:36:42,083 - DEBUG - Done with 1+ [line 110199]
2025-02-27 18:36:42,083 - DEBUG - Assigning indexes to genes
2025-02-27 18:36:42,087 - DEBUG - Seen 1977 genes until now
2025-02-27 18:36:42,087 - DEBUG - Parsing Chromosome 10 strand - [line 110200]
2025-02-27 18:36:42,374 - DEBUG - Done with 10- [line 149598]
2025-02-27 18:36:42,374 - DEBUG - Assigning indexes to genes
2025-02-27 18:36:42,377 - DEBUG - Seen 2766 genes until now
2025-02-27 18:36:42,377 - DEBUG - Parsing Chromosome 10 strand + [line 149599]
2025-02-27 18:36:42,554 - DEBUG - Done with 10+ [line 191855]
2025-02-27 18:36:42,554 - DEBUG - Assigning indexes to genes
2025-02-27 18:36:42,557 - DEBUG - Seen 3612 genes until now
2025-02-27 18:36:42,557 - DEBUG - Parsing Chromosome 11 strand - [line 191856]
2025-02-27 18:36:42,959 - DEBUG - Done with 11- [line 254421]
2025-02-27 18:36:42,959 - DEBUG - Assigning indexes to genes
2025-02-27 18:36:42,964 - DEBUG - Seen 4745 genes until now
2025-02-27 18:36:42,964 - DEBUG - Parsing Chromosome 11 strand + [line 254422]
2025-02-27 18:36:43,220 - DEBUG - Done with 11+ [line 316569]
2025-02-27 18:36:43,220 - DEBUG - Assigning indexes to genes
2025-02-27 18:36:43,225 - DEBUG - Seen 5758 genes until now
2025-02-27 18:36:43,226 - DEBUG - Parsing Chromosome 12 strand - [line 316570]
2025-02-27 18:36:43,326 - DEBUG - Done with 12- [line 340316]
2025-02-27 18:36:43,327 - DEBUG - Assigning indexes to genes
2025-02-27 18:36:43,329 - DEBUG - Seen 6506 genes until now
2025-02-27 18:36:43,329 - DEBUG - Parsing Chromosome 12 strand + [line 340317]
2025-02-27 18:36:43,641 - DEBUG - Done with 12+ [line 374145]
2025-02-27 18:36:43,642 - DEBUG - Assigning indexes to genes
2025-02-27 18:36:43,644 - DEBUG - Seen 7194 genes until now
2025-02-27 18:36:43,644 - DEBUG - Parsing Chromosome 13 strand - [line 374146]
2025-02-27 18:36:43,787 - DEBUG - Done with 13- [line 408165]
2025-02-27 18:36:43,787 - DEBUG - Assigning indexes to genes
2025-02-27 18:36:43,790 - DEBUG - Seen 8000 genes until now
2025-02-27 18:36:43,791 - DEBUG - Parsing Chromosome 13 strand + [line 408166]
2025-02-27 18:36:43,888 - DEBUG - Done with 13+ [line 434065]
2025-02-27 18:36:43,888 - DEBUG - Assigning indexes to genes
2025-02-27 18:36:43,891 - DEBUG - Seen 8730 genes until now
2025-02-27 18:36:43,891 - DEBUG - Parsing Chromosome 14 strand - [line 434066]
2025-02-27 18:36:44,042 - DEBUG - Done with 14- [line 470772]
2025-02-27 18:36:44,042 - DEBUG - Assigning indexes to genes
2025-02-27 18:36:44,045 - DEBUG - Seen 9551 genes until now
2025-02-27 18:36:44,045 - DEBUG - Parsing Chromosome 14 strand + [line 470773]
2025-02-27 18:36:44,349 - DEBUG - Done with 14+ [line 502831]
2025-02-27 18:36:44,349 - DEBUG - Assigning indexes to genes
2025-02-27 18:36:44,352 - DEBUG - Seen 10348 genes until now
2025-02-27 18:36:44,352 - DEBUG - Parsing Chromosome 15 strand - [line 502832]
2025-02-27 18:36:44,503 - DEBUG - Done with 15- [line 539178]
2025-02-27 18:36:44,503 - DEBUG - Assigning indexes to genes
2025-02-27 18:36:44,507 - DEBUG - Seen 10976 genes until now
2025-02-27 18:36:44,507 - DEBUG - Parsing Chromosome 15 strand + [line 539179]
2025-02-27 18:36:44,638 - DEBUG - Done with 15+ [line 570010]
2025-02-27 18:36:44,638 - DEBUG - Assigning indexes to genes
2025-02-27 18:36:44,640 - DEBUG - Seen 11544 genes until now
2025-02-27 18:36:44,640 - DEBUG - Parsing Chromosome 16 strand - [line 570011]
2025-02-27 18:36:44,750 - DEBUG - Done with 16- [line 596816]
2025-02-27 18:36:44,750 - DEBUG - Assigning indexes to genes
2025-02-27 18:36:44,752 - DEBUG - Seen 12071 genes until now
2025-02-27 18:36:44,752 - DEBUG - Parsing Chromosome 16 strand + [line 596817]
2025-02-27 18:36:44,879 - DEBUG - Done with 16+ [line 627396]
2025-02-27 18:36:44,880 - DEBUG - Assigning indexes to genes
2025-02-27 18:36:44,883 - DEBUG - Seen 12582 genes until now
2025-02-27 18:36:44,883 - DEBUG - Parsing Chromosome 17 strand - [line 627397]
2025-02-27 18:36:45,065 - DEBUG - Done with 17- [line 671441]
2025-02-27 18:36:45,066 - DEBUG - Assigning indexes to genes
2025-02-27 18:36:45,306 - DEBUG - Seen 13440 genes until now
2025-02-27 18:36:45,306 - DEBUG - Parsing Chromosome 17 strand + [line 671442]
2025-02-27 18:36:45,497 - DEBUG - Done with 17+ [line 718633]
2025-02-27 18:36:45,497 - DEBUG - Assigning indexes to genes
2025-02-27 18:36:45,501 - DEBUG - Seen 14267 genes until now
2025-02-27 18:36:45,501 - DEBUG - Parsing Chromosome 18 strand - [line 718634]
2025-02-27 18:36:45,577 - DEBUG - Done with 18- [line 736872]
2025-02-27 18:36:45,577 - DEBUG - Assigning indexes to genes
2025-02-27 18:36:45,578 - DEBUG - Seen 14655 genes until now
2025-02-27 18:36:45,579 - DEBUG - Parsing Chromosome 18 strand + [line 736873]
2025-02-27 18:36:45,683 - DEBUG - Done with 18+ [line 762541]
2025-02-27 18:36:45,683 - DEBUG - Assigning indexes to genes
2025-02-27 18:36:45,685 - DEBUG - Seen 15146 genes until now
2025-02-27 18:36:45,686 - DEBUG - Parsing Chromosome 19 strand - [line 762542]
2025-02-27 18:36:45,820 - DEBUG - Done with 19- [line 794522]
2025-02-27 18:36:45,820 - DEBUG - Assigning indexes to genes
2025-02-27 18:36:45,822 - DEBUG - Seen 15629 genes until now
2025-02-27 18:36:45,822 - DEBUG - Parsing Chromosome 19 strand + [line 794523]
2025-02-27 18:36:45,936 - DEBUG - Done with 19+ [line 822226]
2025-02-27 18:36:45,936 - DEBUG - Assigning indexes to genes
2025-02-27 18:36:45,938 - DEBUG - Seen 16132 genes until now
2025-02-27 18:36:45,938 - DEBUG - Parsing Chromosome 2 strand - [line 822227]
2025-02-27 18:36:46,258 - DEBUG - Done with 2- [line 898685]
2025-02-27 18:36:46,258 - DEBUG - Assigning indexes to genes
2025-02-27 18:36:46,265 - DEBUG - Seen 17460 genes until now
2025-02-27 18:36:46,265 - DEBUG - Parsing Chromosome 2 strand + [line 898686]
2025-02-27 18:36:46,821 - DEBUG - Done with 2+ [line 969384]
2025-02-27 18:36:46,821 - DEBUG - Assigning indexes to genes
2025-02-27 18:36:46,826 - DEBUG - Seen 18738 genes until now
2025-02-27 18:36:46,827 - DEBUG - Parsing Chromosome 3 strand - [line 969385]
2025-02-27 18:36:46,967 - DEBUG - Done with 3- [line 1008345]
2025-02-27 18:36:46,967 - DEBUG - Assigning indexes to genes
2025-02-27 18:36:46,970 - DEBUG - Seen 19618 genes until now
2025-02-27 18:36:46,970 - DEBUG - Parsing Chromosome 3 strand + [line 1008346]
2025-02-27 18:36:47,126 - DEBUG - Done with 3+ [line 1051676]
2025-02-27 18:36:47,126 - DEBUG - Assigning indexes to genes
2025-02-27 18:36:47,129 - DEBUG - Seen 20450 genes until now
2025-02-27 18:36:47,129 - DEBUG - Parsing Chromosome 4 strand - [line 1051677]
2025-02-27 18:36:47,343 - DEBUG - Done with 4- [line 1103758]
2025-02-27 18:36:47,343 - DEBUG - Assigning indexes to genes
2025-02-27 18:36:47,347 - DEBUG - Seen 21450 genes until now
2025-02-27 18:36:47,347 - DEBUG - Parsing Chromosome 4 strand + [line 1103759]
2025-02-27 18:36:47,548 - DEBUG - Done with 4+ [line 1153681]
2025-02-27 18:36:47,698 - DEBUG - Assigning indexes to genes
2025-02-27 18:36:47,708 - DEBUG - Seen 22486 genes until now
2025-02-27 18:36:47,708 - DEBUG - Parsing Chromosome 5 strand - [line 1153682]
2025-02-27 18:36:48,342 - DEBUG - Done with 5- [line 1211184]
2025-02-27 18:36:48,342 - DEBUG - Assigning indexes to genes
2025-02-27 18:36:48,347 - DEBUG - Seen 23378 genes until now
2025-02-27 18:36:48,347 - DEBUG - Parsing Chromosome 5 strand + [line 1211185]
2025-02-27 18:36:48,588 - DEBUG - Done with 5+ [line 1269798]
2025-02-27 18:36:48,588 - DEBUG - Assigning indexes to genes
2025-02-27 18:36:48,593 - DEBUG - Seen 24336 genes until now
2025-02-27 18:36:48,593 - DEBUG - Parsing Chromosome 6 strand - [line 1269799]
2025-02-27 18:36:48,775 - DEBUG - Done with 6- [line 1314842]
2025-02-27 18:36:48,775 - DEBUG - Assigning indexes to genes
2025-02-27 18:36:48,779 - DEBUG - Seen 25292 genes until now
2025-02-27 18:36:48,779 - DEBUG - Parsing Chromosome 6 strand + [line 1314843]
2025-02-27 18:36:48,976 - DEBUG - Done with 6+ [line 1362071]
2025-02-27 18:36:48,976 - DEBUG - Assigning indexes to genes
2025-02-27 18:36:48,980 - DEBUG - Seen 26250 genes until now
2025-02-27 18:36:48,980 - DEBUG - Parsing Chromosome 7 strand - [line 1362072]
2025-02-27 18:36:49,275 - DEBUG - Done with 7- [line 1436815]
2025-02-27 18:36:49,275 - DEBUG - Assigning indexes to genes
2025-02-27 18:36:49,282 - DEBUG - Seen 27985 genes until now
2025-02-27 18:36:49,282 - DEBUG - Parsing Chromosome 7 strand + [line 1436816]
2025-02-27 18:36:49,550 - DEBUG - Done with 7+ [line 1508673]
2025-02-27 18:36:49,550 - DEBUG - Assigning indexes to genes
2025-02-27 18:36:49,557 - DEBUG - Seen 29517 genes until now
2025-02-27 18:36:49,557 - DEBUG - Parsing Chromosome 8 strand - [line 1508674]
2025-02-27 18:36:49,691 - DEBUG - Done with 8- [line 1543994]
2025-02-27 18:36:49,691 - DEBUG - Assigning indexes to genes
2025-02-27 18:36:49,694 - DEBUG - Seen 30231 genes until now
2025-02-27 18:36:49,694 - DEBUG - Parsing Chromosome 8 strand + [line 1543995]
2025-02-27 18:36:50,209 - DEBUG - Done with 8+ [line 1590573]
2025-02-27 18:36:50,209 - DEBUG - Assigning indexes to genes
2025-02-27 18:36:50,213 - DEBUG - Seen 31033 genes until now
2025-02-27 18:36:50,213 - DEBUG - Parsing Chromosome 9 strand - [line 1590574]
2025-02-27 18:36:50,421 - DEBUG - Done with 9- [line 1640990]
2025-02-27 18:36:50,421 - DEBUG - Assigning indexes to genes
2025-02-27 18:36:50,425 - DEBUG - Seen 31862 genes until now
2025-02-27 18:36:50,425 - DEBUG - Parsing Chromosome 9 strand + [line 1640991]
2025-02-27 18:36:50,638 - DEBUG - Done with 9+ [line 1693771]
2025-02-27 18:36:50,638 - DEBUG - Assigning indexes to genes
2025-02-27 18:36:50,643 - DEBUG - Seen 32781 genes until now
2025-02-27 18:36:50,643 - DEBUG - Parsing Chromosome GL456210.1 strand - [line 1693772]
2025-02-27 18:36:50,643 - DEBUG - Done with GL456210.1- [line 1693798]
2025-02-27 18:36:50,643 - DEBUG - Assigning indexes to genes
2025-02-27 18:36:50,643 - DEBUG - Seen 32784 genes until now
2025-02-27 18:36:50,643 - DEBUG - Parsing Chromosome GL456210.1 strand + [line 1693799]
2025-02-27 18:36:50,643 - DEBUG - Done with GL456210.1+ [line 1693813]
2025-02-27 18:36:50,643 - DEBUG - Assigning indexes to genes
2025-02-27 18:36:50,643 - DEBUG - Seen 32786 genes until now
2025-02-27 18:36:50,643 - DEBUG - Parsing Chromosome GL456211.1 strand - [line 1693814]
2025-02-27 18:36:50,643 - DEBUG - Done with GL456211.1- [line 1693841]
2025-02-27 18:36:50,643 - DEBUG - Assigning indexes to genes
2025-02-27 18:36:50,644 - DEBUG - Seen 32790 genes until now
2025-02-27 18:36:50,644 - DEBUG - Parsing Chromosome GL456211.1 strand + [line 1693842]
2025-02-27 18:36:50,644 - DEBUG - Done with GL456211.1+ [line 1693870]
2025-02-27 18:36:50,644 - DEBUG - Assigning indexes to genes
2025-02-27 18:36:50,644 - DEBUG - Seen 32793 genes until now
2025-02-27 18:36:50,644 - DEBUG - Parsing Chromosome GL456212.1 strand - [line 1693871]
2025-02-27 18:36:50,644 - DEBUG - Done with GL456212.1- [line 1693906]
2025-02-27 18:36:50,644 - DEBUG - Assigning indexes to genes
2025-02-27 18:36:50,644 - DEBUG - Seen 32795 genes until now
2025-02-27 18:36:50,644 - DEBUG - Parsing Chromosome GL456216.1 strand + [line 1693907]
2025-02-27 18:36:50,644 - DEBUG - Done with GL456216.1+ [line 1693926]
2025-02-27 18:36:50,644 - DEBUG - Assigning indexes to genes
2025-02-27 18:36:50,644 - DEBUG - Seen 32796 genes until now
2025-02-27 18:36:50,644 - DEBUG - Parsing Chromosome GL456219.1 strand - [line 1693927]
2025-02-27 18:36:50,644 - DEBUG - Done with GL456219.1- [line 1693938]
2025-02-27 18:36:50,645 - DEBUG - Assigning indexes to genes
2025-02-27 18:36:50,645 - DEBUG - Seen 32798 genes until now
2025-02-27 18:36:50,645 - DEBUG - Parsing Chromosome GL456221.1 strand - [line 1693939]
2025-02-27 18:36:50,645 - DEBUG - Done with GL456221.1- [line 1693982]
2025-02-27 18:36:50,645 - DEBUG - Assigning indexes to genes
2025-02-27 18:36:50,645 - DEBUG - Seen 32802 genes until now
2025-02-27 18:36:50,645 - DEBUG - Parsing Chromosome GL456221.1 strand + [line 1693983]
2025-02-27 18:36:50,645 - DEBUG - Done with GL456221.1+ [line 1694001]
2025-02-27 18:36:50,645 - DEBUG - Assigning indexes to genes
2025-02-27 18:36:50,645 - DEBUG - Seen 32805 genes until now
2025-02-27 18:36:50,645 - DEBUG - Parsing Chromosome GL456233.1 strand - [line 1694002]
2025-02-27 18:36:50,645 - DEBUG - Done with GL456233.1- [line 1694033]
2025-02-27 18:36:50,645 - DEBUG - Assigning indexes to genes
2025-02-27 18:36:50,645 - DEBUG - Seen 32807 genes until now
2025-02-27 18:36:50,645 - DEBUG - Parsing Chromosome GL456233.1 strand + [line 1694034]
2025-02-27 18:36:50,646 - DEBUG - Done with GL456233.1+ [line 1694064]
2025-02-27 18:36:50,646 - DEBUG - Assigning indexes to genes
2025-02-27 18:36:50,646 - DEBUG - Seen 32809 genes until now
2025-02-27 18:36:50,646 - DEBUG - Parsing Chromosome GL456350.1 strand - [line 1694065]
2025-02-27 18:36:50,646 - DEBUG - Done with GL456350.1- [line 1694130]
2025-02-27 18:36:50,646 - DEBUG - Assigning indexes to genes
2025-02-27 18:36:50,646 - DEBUG - Seen 32815 genes until now
2025-02-27 18:36:50,646 - DEBUG - Parsing Chromosome GL456354.1 strand - [line 1694131]
2025-02-27 18:36:50,646 - DEBUG - Done with GL456354.1- [line 1694163]
2025-02-27 18:36:50,646 - DEBUG - Assigning indexes to genes
2025-02-27 18:36:50,646 - DEBUG - Seen 32818 genes until now
2025-02-27 18:36:50,646 - DEBUG - Parsing Chromosome GL456354.1 strand + [line 1694164]
2025-02-27 18:36:50,647 - DEBUG - Done with GL456354.1+ [line 1694183]
2025-02-27 18:36:50,647 - DEBUG - Assigning indexes to genes
2025-02-27 18:36:50,647 - DEBUG - Seen 32820 genes until now
2025-02-27 18:36:50,647 - DEBUG - Parsing Chromosome JH584292.1 strand + [line 1694184]
2025-02-27 18:36:50,647 - DEBUG - Done with JH584292.1+ [line 1694259]
2025-02-27 18:36:50,647 - DEBUG - Assigning indexes to genes
2025-02-27 18:36:50,647 - DEBUG - Seen 32821 genes until now
2025-02-27 18:36:50,647 - DEBUG - Parsing Chromosome JH584293.1 strand - [line 1694260]
2025-02-27 18:36:50,647 - DEBUG - Done with JH584293.1- [line 1694326]
2025-02-27 18:36:50,647 - DEBUG - Assigning indexes to genes
2025-02-27 18:36:50,647 - DEBUG - Seen 32827 genes until now
2025-02-27 18:36:50,647 - DEBUG - Parsing Chromosome JH584293.1 strand + [line 1694327]
2025-02-27 18:36:50,648 - DEBUG - Done with JH584293.1+ [line 1694368]
2025-02-27 18:36:50,648 - DEBUG - Assigning indexes to genes
2025-02-27 18:36:50,648 - DEBUG - Seen 32830 genes until now
2025-02-27 18:36:50,648 - DEBUG - Parsing Chromosome JH584294.1 strand - [line 1694369]
2025-02-27 18:36:50,648 - DEBUG - Done with JH584294.1- [line 1694433]
2025-02-27 18:36:50,648 - DEBUG - Assigning indexes to genes
2025-02-27 18:36:50,648 - DEBUG - Seen 32834 genes until now
2025-02-27 18:36:50,648 - DEBUG - Parsing Chromosome JH584294.1 strand + [line 1694434]
2025-02-27 18:36:50,648 - DEBUG - Done with JH584294.1+ [line 1694457]
2025-02-27 18:36:50,648 - DEBUG - Assigning indexes to genes
2025-02-27 18:36:50,648 - DEBUG - Seen 32836 genes until now
2025-02-27 18:36:50,648 - DEBUG - Parsing Chromosome JH584295.1 strand - [line 1694458]
2025-02-27 18:36:50,649 - DEBUG - Done with JH584295.1- [line 1694473]
2025-02-27 18:36:50,649 - DEBUG - Assigning indexes to genes
2025-02-27 18:36:50,649 - DEBUG - Seen 32837 genes until now
2025-02-27 18:36:50,649 - DEBUG - Parsing Chromosome JH584296.1 strand - [line 1694474]
2025-02-27 18:36:50,649 - DEBUG - Done with JH584296.1- [line 1694501]
2025-02-27 18:36:50,649 - DEBUG - Assigning indexes to genes
2025-02-27 18:36:50,649 - DEBUG - Seen 32840 genes until now
2025-02-27 18:36:50,649 - DEBUG - Parsing Chromosome JH584297.1 strand - [line 1694502]
2025-02-27 18:36:50,649 - DEBUG - Done with JH584297.1- [line 1694520]
2025-02-27 18:36:50,649 - DEBUG - Assigning indexes to genes
2025-02-27 18:36:50,649 - DEBUG - Seen 32842 genes until now
2025-02-27 18:36:50,649 - DEBUG - Parsing Chromosome JH584297.1 strand + [line 1694521]
2025-02-27 18:36:50,649 - DEBUG - Done with JH584297.1+ [line 1694529]
2025-02-27 18:36:50,649 - DEBUG - Assigning indexes to genes
2025-02-27 18:36:50,649 - DEBUG - Seen 32843 genes until now
2025-02-27 18:36:50,649 - DEBUG - Parsing Chromosome JH584298.1 strand - [line 1694530]
2025-02-27 18:36:50,649 - DEBUG - Done with JH584298.1- [line 1694540]
2025-02-27 18:36:50,650 - DEBUG - Assigning indexes to genes
2025-02-27 18:36:50,650 - DEBUG - Seen 32844 genes until now
2025-02-27 18:36:50,650 - DEBUG - Parsing Chromosome JH584298.1 strand + [line 1694541]
2025-02-27 18:36:50,650 - DEBUG - Done with JH584298.1+ [line 1694561]
2025-02-27 18:36:50,650 - DEBUG - Assigning indexes to genes
2025-02-27 18:36:50,650 - DEBUG - Seen 32846 genes until now
2025-02-27 18:36:50,650 - DEBUG - Parsing Chromosome JH584299.1 strand - [line 1694562]
2025-02-27 18:36:50,650 - DEBUG - Done with JH584299.1- [line 1694571]
2025-02-27 18:36:50,650 - DEBUG - Assigning indexes to genes
2025-02-27 18:36:50,650 - DEBUG - Seen 32847 genes until now
2025-02-27 18:36:50,650 - DEBUG - Parsing Chromosome JH584299.1 strand + [line 1694572]
2025-02-27 18:36:50,650 - DEBUG - Done with JH584299.1+ [line 1694683]
2025-02-27 18:36:50,651 - DEBUG - Assigning indexes to genes
2025-02-27 18:36:50,651 - DEBUG - Seen 32858 genes until now
2025-02-27 18:36:50,651 - DEBUG - Parsing Chromosome JH584303.1 strand + [line 1694684]
2025-02-27 18:36:50,651 - DEBUG - Done with JH584303.1+ [line 1694688]
2025-02-27 18:36:50,651 - DEBUG - Assigning indexes to genes
2025-02-27 18:36:50,651 - DEBUG - Seen 32859 genes until now
2025-02-27 18:36:50,651 - DEBUG - Parsing Chromosome JH584304.1 strand - [line 1694689]
2025-02-27 18:36:50,651 - DEBUG - Done with JH584304.1- [line 1694721]
2025-02-27 18:36:50,651 - DEBUG - Assigning indexes to genes
2025-02-27 18:36:50,651 - DEBUG - Seen 32860 genes until now
2025-02-27 18:36:50,651 - DEBUG - Parsing Chromosome MT strand - [line 1694722]
2025-02-27 18:36:50,651 - DEBUG - Done with MT- [line 1694727]
2025-02-27 18:36:50,651 - DEBUG - Assigning indexes to genes
2025-02-27 18:36:50,651 - DEBUG - Seen 32861 genes until now
2025-02-27 18:36:50,651 - DEBUG - Parsing Chromosome MT strand + [line 1694728]
2025-02-27 18:36:50,651 - DEBUG - Done with MT+ [line 1694796]
2025-02-27 18:36:50,651 - DEBUG - Assigning indexes to genes
2025-02-27 18:36:50,652 - DEBUG - Seen 32873 genes until now
2025-02-27 18:36:50,652 - DEBUG - Parsing Chromosome X strand - [line 1694797]
2025-02-27 18:36:50,767 - DEBUG - Done with X- [line 1723438]
2025-02-27 18:36:50,767 - DEBUG - Assigning indexes to genes
2025-02-27 18:36:50,770 - DEBUG - Seen 33861 genes until now
2025-02-27 18:36:50,770 - DEBUG - Parsing Chromosome X strand + [line 1723439]
2025-02-27 18:36:50,905 - DEBUG - Done with X+ [line 1755803]
2025-02-27 18:36:50,905 - DEBUG - Assigning indexes to genes
2025-02-27 18:36:50,908 - DEBUG - Seen 34947 genes until now
2025-02-27 18:36:50,908 - DEBUG - Parsing Chromosome Y strand - [line 1755804]
2025-02-27 18:36:50,929 - DEBUG - Done with Y- [line 1760750]
2025-02-27 18:36:50,929 - DEBUG - Assigning indexes to genes
2025-02-27 18:36:50,931 - DEBUG - Seen 35551 genes until now
2025-02-27 18:36:50,931 - DEBUG - Parsing Chromosome Y strand + [line 1760751]
2025-02-27 18:36:50,947 - DEBUG - Assigning indexes to genes
2025-02-27 18:36:50,948 - DEBUG - Done with Y+ [line 1764876]
2025-02-27 18:36:50,948 - DEBUG - Fixing corner cases of transcript models containg intron longer than 1000Kbp
2025-02-27 18:36:51,914 - DEBUG - Generated 1453828 features corresponding to 117448 transcript models from /groups/mpistaff/Cranio_Lab/Louk_Seton/4_species_project/cellranger_related/cellranger-9.0.1/reference_genomes/mm10/genes/genes.gtf
2025-02-27 18:36:51,930 - INFO - Scan /groups/mpistaff/Cranio_Lab/Louk_Seton/4_species_project/cellranger_related/cellranger_output/sc_rnaseq/mouse/mm10/ME8/outs/possorted_genome_bam.bam to validate intron intervals
2025-02-27 18:36:53,856 - DEBUG - Reading /groups/mpistaff/Cranio_Lab/Louk_Seton/4_species_project/cellranger_related/cellranger_output/sc_rnaseq/mouse/mm10/ME8/outs/possorted_genome_bam.bam
2025-02-27 18:36:55,121 - DEBUG - Read first 0 million reads
2025-02-27 18:36:55,121 - DEBUG - Marking up chromosome 1
2025-02-27 18:38:29,014 - DEBUG - Read first 10 million reads
2025-02-27 18:40:05,956 - DEBUG - Read first 20 million reads
2025-02-27 18:40:23,928 - DEBUG - Marking up chromosome 2
2025-02-27 18:41:51,809 - DEBUG - Read first 30 million reads
2025-02-27 18:43:41,886 - DEBUG - Read first 40 million reads
2025-02-27 18:44:37,317 - DEBUG - Marking up chromosome 3
2025-02-27 18:46:06,542 - DEBUG - Read first 50 million reads
2025-02-27 18:48:58,804 - DEBUG - Read first 60 million reads
2025-02-27 18:49:12,921 - DEBUG - Marking up chromosome 4
2025-02-27 18:51:28,880 - DEBUG - Read first 70 million reads
2025-02-27 18:53:43,366 - DEBUG - Read first 80 million reads
2025-02-27 18:55:03,549 - DEBUG - Marking up chromosome 5
2025-02-27 18:56:20,718 - DEBUG - Read first 90 million reads
2025-02-27 18:58:46,619 - DEBUG - Read first 100 million reads
2025-02-27 19:00:35,947 - DEBUG - Marking up chromosome 6
2025-02-27 19:01:25,557 - DEBUG - Read first 110 million reads
2025-02-27 19:03:51,016 - DEBUG - Read first 120 million reads
2025-02-27 19:04:31,828 - DEBUG - Marking up chromosome 7
2025-02-27 19:06:07,663 - DEBUG - Read first 130 million reads
2025-02-27 19:14:55,968 - DEBUG - Read first 140 million reads
2025-02-27 19:30:13,558 - DEBUG - Read first 150 million reads
2025-02-27 19:35:27,604 - DEBUG - Marking up chromosome 8
2025-02-27 19:35:56,173 - DEBUG - Read first 160 million reads
2025-02-27 19:38:11,692 - DEBUG - Read first 170 million reads
2025-02-27 19:39:07,341 - DEBUG - Marking up chromosome 9
2025-02-27 19:40:04,217 - DEBUG - Read first 180 million reads
2025-02-27 19:42:01,254 - DEBUG - Read first 190 million reads
2025-02-27 19:43:34,640 - DEBUG - Marking up chromosome 10
2025-02-27 19:44:25,627 - DEBUG - Read first 200 million reads
2025-02-27 19:46:31,472 - DEBUG - Read first 210 million reads
2025-02-27 19:47:36,113 - DEBUG - Marking up chromosome 11
2025-02-27 19:48:22,788 - DEBUG - Read first 220 million reads
2025-02-27 19:50:53,641 - DEBUG - Read first 230 million reads
2025-02-27 19:52:57,565 - DEBUG - Read first 240 million reads
2025-02-27 19:54:37,713 - DEBUG - Read first 250 million reads
2025-02-27 19:55:40,422 - DEBUG - Marking up chromosome 12
2025-02-27 19:56:43,585 - DEBUG - Read first 260 million reads
2025-02-27 19:58:19,419 - DEBUG - Marking up chromosome 13
2025-02-27 20:03:12,830 - DEBUG - Read first 270 million reads
2025-02-27 20:14:59,352 - DEBUG - Marking up chromosome 14
2025-02-27 20:16:19,087 - DEBUG - Read first 280 million reads
2025-02-27 20:20:40,820 - DEBUG - Read first 290 million reads
2025-02-27 20:20:49,373 - DEBUG - Marking up chromosome 15
2025-02-27 20:22:47,441 - DEBUG - Read first 300 million reads
2025-02-27 20:23:42,171 - DEBUG - Marking up chromosome 16
2025-02-27 20:24:30,471 - DEBUG - Read first 310 million reads
2025-02-27 20:25:19,528 - DEBUG - Marking up chromosome 17
2025-02-27 20:26:15,199 - DEBUG - Read first 320 million reads
2025-02-27 20:28:07,449 - DEBUG - Read first 330 million reads
2025-02-27 20:29:41,852 - DEBUG - Marking up chromosome 18
2025-02-27 20:30:07,390 - DEBUG - Read first 340 million reads
2025-02-27 20:31:10,894 - DEBUG - Marking up chromosome 19
2025-02-27 20:32:02,610 - DEBUG - Read first 350 million reads
2025-02-27 20:33:32,456 - DEBUG - Marking up chromosome X
2025-02-27 20:34:26,440 - DEBUG - Read first 360 million reads
2025-02-27 20:35:43,145 - DEBUG - Marking up chromosome Y
2025-02-27 20:35:45,662 - DEBUG - Marking up chromosome MT
2025-02-27 20:36:00,980 - DEBUG - Read first 370 million reads
2025-02-27 20:36:12,648 - DEBUG - Marking up chromosome CHR_MG171_PATCH
2025-02-27 20:36:12,970 - WARNING - The .bam file refers to a chromosome 'CHR_MG171_PATCH+' not present in the annotation (.gtf) file
2025-02-27 20:36:12,971 - WARNING - The .bam file refers to a chromosome 'CHR_MG171_PATCH-' not present in the annotation (.gtf) file
2025-02-27 20:36:13,147 - DEBUG - Marking up chromosome CHR_MG4222_MG3908_PATCH
2025-02-27 20:36:13,147 - WARNING - The .bam file refers to a chromosome 'CHR_MG4222_MG3908_PATCH+' not present in the annotation (.gtf) file
2025-02-27 20:36:13,147 - WARNING - The .bam file refers to a chromosome 'CHR_MG4222_MG3908_PATCH-' not present in the annotation (.gtf) file
2025-02-27 20:36:13,149 - DEBUG - Marking up chromosome CHR_MG51_PATCH
2025-02-27 20:36:13,150 - WARNING - The .bam file refers to a chromosome 'CHR_MG51_PATCH+' not present in the annotation (.gtf) file
2025-02-27 20:36:13,150 - WARNING - The .bam file refers to a chromosome 'CHR_MG51_PATCH-' not present in the annotation (.gtf) file
2025-02-27 20:36:13,156 - DEBUG - Marking up chromosome CHR_MG3496_PATCH
2025-02-27 20:36:13,156 - WARNING - The .bam file refers to a chromosome 'CHR_MG3496_PATCH+' not present in the annotation (.gtf) file
2025-02-27 20:36:13,156 - WARNING - The .bam file refers to a chromosome 'CHR_MG3496_PATCH-' not present in the annotation (.gtf) file
2025-02-27 20:36:13,165 - DEBUG - Marking up chromosome CHR_MG4200_PATCH
2025-02-27 20:36:13,166 - WARNING - The .bam file refers to a chromosome 'CHR_MG4200_PATCH+' not present in the annotation (.gtf) file
2025-02-27 20:36:13,166 - WARNING - The .bam file refers to a chromosome 'CHR_MG4200_PATCH-' not present in the annotation (.gtf) file
2025-02-27 20:36:13,175 - DEBUG - Marking up chromosome CHR_MG4243_PATCH
2025-02-27 20:36:13,175 - WARNING - The .bam file refers to a chromosome 'CHR_MG4243_PATCH+' not present in the annotation (.gtf) file
2025-02-27 20:36:13,175 - WARNING - The .bam file refers to a chromosome 'CHR_MG4243_PATCH-' not present in the annotation (.gtf) file
2025-02-27 20:36:13,209 - DEBUG - Marking up chromosome CHR_MG74_PATCH
2025-02-27 20:36:13,209 - WARNING - The .bam file refers to a chromosome 'CHR_MG74_PATCH+' not present in the annotation (.gtf) file
2025-02-27 20:36:13,209 - WARNING - The .bam file refers to a chromosome 'CHR_MG74_PATCH-' not present in the annotation (.gtf) file
2025-02-27 20:36:13,214 - DEBUG - Marking up chromosome CHR_MG4310_MG4311_PATCH
2025-02-27 20:36:13,214 - WARNING - The .bam file refers to a chromosome 'CHR_MG4310_MG4311_PATCH+' not present in the annotation (.gtf) file
2025-02-27 20:36:13,214 - WARNING - The .bam file refers to a chromosome 'CHR_MG4310_MG4311_PATCH-' not present in the annotation (.gtf) file
2025-02-27 20:36:13,373 - DEBUG - Marking up chromosome CHR_MG3833_MG4220_PATCH
2025-02-27 20:36:13,373 - WARNING - The .bam file refers to a chromosome 'CHR_MG3833_MG4220_PATCH+' not present in the annotation (.gtf) file
2025-02-27 20:36:13,373 - WARNING - The .bam file refers to a chromosome 'CHR_MG3833_MG4220_PATCH-' not present in the annotation (.gtf) file
2025-02-27 20:36:13,383 - DEBUG - Marking up chromosome CHR_MG3231_PATCH
2025-02-27 20:36:13,383 - WARNING - The .bam file refers to a chromosome 'CHR_MG3231_PATCH+' not present in the annotation (.gtf) file
2025-02-27 20:36:13,383 - WARNING - The .bam file refers to a chromosome 'CHR_MG3231_PATCH-' not present in the annotation (.gtf) file
2025-02-27 20:36:13,401 - DEBUG - Marking up chromosome CHR_MG4151_PATCH
2025-02-27 20:36:13,401 - WARNING - The .bam file refers to a chromosome 'CHR_MG4151_PATCH+' not present in the annotation (.gtf) file
2025-02-27 20:36:13,401 - WARNING - The .bam file refers to a chromosome 'CHR_MG4151_PATCH-' not present in the annotation (.gtf) file
2025-02-27 20:36:13,419 - DEBUG - Marking up chromosome CHR_MG104_PATCH
2025-02-27 20:36:13,419 - WARNING - The .bam file refers to a chromosome 'CHR_MG104_PATCH+' not present in the annotation (.gtf) file
2025-02-27 20:36:13,419 - WARNING - The .bam file refers to a chromosome 'CHR_MG104_PATCH-' not present in the annotation (.gtf) file
2025-02-27 20:36:13,434 - DEBUG - Marking up chromosome CHR_MMCHR1_CHORI29_IDD5_1
2025-02-27 20:36:13,434 - WARNING - The .bam file refers to a chromosome 'CHR_MMCHR1_CHORI29_IDD5_1+' not present in the annotation (.gtf) file
2025-02-27 20:36:13,434 - WARNING - The .bam file refers to a chromosome 'CHR_MMCHR1_CHORI29_IDD5_1-' not present in the annotation (.gtf) file
2025-02-27 20:36:13,453 - DEBUG - Marking up chromosome CHR_MG3700_PATCH
2025-02-27 20:36:13,453 - WARNING - The .bam file refers to a chromosome 'CHR_MG3700_PATCH+' not present in the annotation (.gtf) file
2025-02-27 20:36:13,453 - WARNING - The .bam file refers to a chromosome 'CHR_MG3700_PATCH-' not present in the annotation (.gtf) file
2025-02-27 20:36:13,487 - DEBUG - Marking up chromosome CHR_MG3530_PATCH
2025-02-27 20:36:13,487 - WARNING - The .bam file refers to a chromosome 'CHR_MG3530_PATCH+' not present in the annotation (.gtf) file
2025-02-27 20:36:13,487 - WARNING - The .bam file refers to a chromosome 'CHR_MG3530_PATCH-' not present in the annotation (.gtf) file
2025-02-27 20:36:13,501 - DEBUG - Marking up chromosome CHR_MG4261_PATCH
2025-02-27 20:36:13,502 - WARNING - The .bam file refers to a chromosome 'CHR_MG4261_PATCH+' not present in the annotation (.gtf) file
2025-02-27 20:36:13,502 - WARNING - The .bam file refers to a chromosome 'CHR_MG4261_PATCH-' not present in the annotation (.gtf) file
2025-02-27 20:36:13,511 - DEBUG - Marking up chromosome CHR_MG3251_PATCH
2025-02-27 20:36:13,511 - WARNING - The .bam file refers to a chromosome 'CHR_MG3251_PATCH+' not present in the annotation (.gtf) file
2025-02-27 20:36:13,511 - WARNING - The .bam file refers to a chromosome 'CHR_MG3251_PATCH-' not present in the annotation (.gtf) file
2025-02-27 20:36:13,511 - DEBUG - Marking up chromosome CHR_CAST_EI_MMCHR11_CTG4
2025-02-27 20:36:13,511 - WARNING - The .bam file refers to a chromosome 'CHR_CAST_EI_MMCHR11_CTG4+' not present in the annotation (.gtf) file
2025-02-27 20:36:13,512 - WARNING - The .bam file refers to a chromosome 'CHR_CAST_EI_MMCHR11_CTG4-' not present in the annotation (.gtf) file
2025-02-27 20:36:13,519 - DEBUG - Marking up chromosome CHR_WSB_EIJ_MMCHR11_CTG2
2025-02-27 20:36:13,520 - WARNING - The .bam file refers to a chromosome 'CHR_WSB_EIJ_MMCHR11_CTG2+' not present in the annotation (.gtf) file
2025-02-27 20:36:13,520 - WARNING - The .bam file refers to a chromosome 'CHR_WSB_EIJ_MMCHR11_CTG2-' not present in the annotation (.gtf) file
2025-02-27 20:36:13,642 - DEBUG - Marking up chromosome CHR_PWK_PHJ_MMCHR11_CTG2
2025-02-27 20:36:13,642 - WARNING - The .bam file refers to a chromosome 'CHR_PWK_PHJ_MMCHR11_CTG2+' not present in the annotation (.gtf) file
2025-02-27 20:36:13,642 - WARNING - The .bam file refers to a chromosome 'CHR_PWK_PHJ_MMCHR11_CTG2-' not present in the annotation (.gtf) file
2025-02-27 20:36:13,643 - DEBUG - Marking up chromosome CHR_MG3648_PATCH
2025-02-27 20:36:13,643 - WARNING - The .bam file refers to a chromosome 'CHR_MG3648_PATCH+' not present in the annotation (.gtf) file
2025-02-27 20:36:13,643 - WARNING - The .bam file refers to a chromosome 'CHR_MG3648_PATCH-' not present in the annotation (.gtf) file
2025-02-27 20:36:13,666 - DEBUG - Marking up chromosome CHR_MG3618_PATCH
2025-02-27 20:36:13,666 - WARNING - The .bam file refers to a chromosome 'CHR_MG3618_PATCH+' not present in the annotation (.gtf) file
2025-02-27 20:36:13,666 - WARNING - The .bam file refers to a chromosome 'CHR_MG3618_PATCH-' not present in the annotation (.gtf) file
2025-02-27 20:36:13,669 - DEBUG - Marking up chromosome CHR_CAST_EI_MMCHR11_CTG5
2025-02-27 20:36:13,669 - WARNING - The .bam file refers to a chromosome 'CHR_CAST_EI_MMCHR11_CTG5+' not present in the annotation (.gtf) file
2025-02-27 20:36:13,669 - WARNING - The .bam file refers to a chromosome 'CHR_CAST_EI_MMCHR11_CTG5-' not present in the annotation (.gtf) file
2025-02-27 20:36:13,757 - DEBUG - Marking up chromosome CHR_PWK_PHJ_MMCHR11_CTG3
2025-02-27 20:36:13,757 - WARNING - The .bam file refers to a chromosome 'CHR_PWK_PHJ_MMCHR11_CTG3+' not present in the annotation (.gtf) file
2025-02-27 20:36:13,757 - WARNING - The .bam file refers to a chromosome 'CHR_PWK_PHJ_MMCHR11_CTG3-' not present in the annotation (.gtf) file
2025-02-27 20:36:13,785 - DEBUG - Marking up chromosome CHR_MG3835_PATCH
2025-02-27 20:36:13,785 - WARNING - The .bam file refers to a chromosome 'CHR_MG3835_PATCH+' not present in the annotation (.gtf) file
2025-02-27 20:36:13,785 - WARNING - The .bam file refers to a chromosome 'CHR_MG3835_PATCH-' not present in the annotation (.gtf) file
2025-02-27 20:36:13,786 - DEBUG - Marking up chromosome CHR_MG89_PATCH
2025-02-27 20:36:13,786 - WARNING - The .bam file refers to a chromosome 'CHR_MG89_PATCH+' not present in the annotation (.gtf) file
2025-02-27 20:36:13,787 - WARNING - The .bam file refers to a chromosome 'CHR_MG89_PATCH-' not present in the annotation (.gtf) file
2025-02-27 20:36:13,816 - DEBUG - Marking up chromosome CHR_MG209_PATCH
2025-02-27 20:36:13,816 - WARNING - The .bam file refers to a chromosome 'CHR_MG209_PATCH+' not present in the annotation (.gtf) file
2025-02-27 20:36:13,816 - WARNING - The .bam file refers to a chromosome 'CHR_MG209_PATCH-' not present in the annotation (.gtf) file
2025-02-27 20:36:13,821 - DEBUG - Marking up chromosome CHR_WSB_EIJ_MMCHR11_CTG3
2025-02-27 20:36:13,821 - WARNING - The .bam file refers to a chromosome 'CHR_WSB_EIJ_MMCHR11_CTG3+' not present in the annotation (.gtf) file
2025-02-27 20:36:13,821 - WARNING - The .bam file refers to a chromosome 'CHR_WSB_EIJ_MMCHR11_CTG3-' not present in the annotation (.gtf) file
2025-02-27 20:36:13,830 - DEBUG - Marking up chromosome CHR_MG4180_PATCH
2025-02-27 20:36:13,830 - WARNING - The .bam file refers to a chromosome 'CHR_MG4180_PATCH+' not present in the annotation (.gtf) file
2025-02-27 20:36:13,830 - WARNING - The .bam file refers to a chromosome 'CHR_MG4180_PATCH-' not present in the annotation (.gtf) file
2025-02-27 20:36:13,867 - DEBUG - Marking up chromosome CHR_MG3686_PATCH
2025-02-27 20:36:13,867 - WARNING - The .bam file refers to a chromosome 'CHR_MG3686_PATCH+' not present in the annotation (.gtf) file
2025-02-27 20:36:13,868 - WARNING - The .bam file refers to a chromosome 'CHR_MG3686_PATCH-' not present in the annotation (.gtf) file
2025-02-27 20:36:13,893 - DEBUG - Marking up chromosome CHR_MG65_PATCH
2025-02-27 20:36:13,893 - WARNING - The .bam file refers to a chromosome 'CHR_MG65_PATCH+' not present in the annotation (.gtf) file
2025-02-27 20:36:13,893 - WARNING - The .bam file refers to a chromosome 'CHR_MG65_PATCH-' not present in the annotation (.gtf) file
2025-02-27 20:36:13,934 - DEBUG - Marking up chromosome CHR_MG3627_PATCH
2025-02-27 20:36:13,934 - WARNING - The .bam file refers to a chromosome 'CHR_MG3627_PATCH+' not present in the annotation (.gtf) file
2025-02-27 20:36:13,934 - WARNING - The .bam file refers to a chromosome 'CHR_MG3627_PATCH-' not present in the annotation (.gtf) file
2025-02-27 20:36:13,935 - DEBUG - Marking up chromosome CHR_MG3999_PATCH
2025-02-27 20:36:13,935 - WARNING - The .bam file refers to a chromosome 'CHR_MG3999_PATCH+' not present in the annotation (.gtf) file
2025-02-27 20:36:13,935 - WARNING - The .bam file refers to a chromosome 'CHR_MG3999_PATCH-' not present in the annotation (.gtf) file
2025-02-27 20:36:13,979 - DEBUG - Marking up chromosome CHR_MG3699_PATCH
2025-02-27 20:36:13,979 - WARNING - The .bam file refers to a chromosome 'CHR_MG3699_PATCH+' not present in the annotation (.gtf) file
2025-02-27 20:36:13,979 - WARNING - The .bam file refers to a chromosome 'CHR_MG3699_PATCH-' not present in the annotation (.gtf) file
2025-02-27 20:36:13,982 - DEBUG - Marking up chromosome CHR_MG153_PATCH
2025-02-27 20:36:13,982 - WARNING - The .bam file refers to a chromosome 'CHR_MG153_PATCH+' not present in the annotation (.gtf) file
2025-02-27 20:36:13,982 - WARNING - The .bam file refers to a chromosome 'CHR_MG153_PATCH-' not present in the annotation (.gtf) file
2025-02-27 20:36:13,992 - DEBUG - Marking up chromosome CHR_MG3656_PATCH
2025-02-27 20:36:13,992 - WARNING - The .bam file refers to a chromosome 'CHR_MG3656_PATCH+' not present in the annotation (.gtf) file
2025-02-27 20:36:13,992 - WARNING - The .bam file refers to a chromosome 'CHR_MG3656_PATCH-' not present in the annotation (.gtf) file
2025-02-27 20:36:13,995 - DEBUG - Marking up chromosome CHR_WSB_EIJ_MMCHR11_CTG1
2025-02-27 20:36:13,995 - WARNING - The .bam file refers to a chromosome 'CHR_WSB_EIJ_MMCHR11_CTG1+' not present in the annotation (.gtf) file
2025-02-27 20:36:13,995 - WARNING - The .bam file refers to a chromosome 'CHR_WSB_EIJ_MMCHR11_CTG1-' not present in the annotation (.gtf) file
2025-02-27 20:36:13,998 - DEBUG - Marking up chromosome CHR_MG4248_PATCH
2025-02-27 20:36:13,998 - WARNING - The .bam file refers to a chromosome 'CHR_MG4248_PATCH+' not present in the annotation (.gtf) file
2025-02-27 20:36:13,998 - WARNING - The .bam file refers to a chromosome 'CHR_MG4248_PATCH-' not present in the annotation (.gtf) file
2025-02-27 20:36:13,999 - DEBUG - Marking up chromosome CHR_MG4288_PATCH
2025-02-27 20:36:13,999 - WARNING - The .bam file refers to a chromosome 'CHR_MG4288_PATCH+' not present in the annotation (.gtf) file
2025-02-27 20:36:13,999 - WARNING - The .bam file refers to a chromosome 'CHR_MG4288_PATCH-' not present in the annotation (.gtf) file
2025-02-27 20:36:14,039 - DEBUG - Marking up chromosome CHR_MG4212_PATCH
2025-02-27 20:36:14,039 - WARNING - The .bam file refers to a chromosome 'CHR_MG4212_PATCH+' not present in the annotation (.gtf) file
2025-02-27 20:36:14,039 - WARNING - The .bam file refers to a chromosome 'CHR_MG4212_PATCH-' not present in the annotation (.gtf) file
2025-02-27 20:36:14,042 - DEBUG - Marking up chromosome CHR_MG4214_PATCH
2025-02-27 20:36:14,042 - WARNING - The .bam file refers to a chromosome 'CHR_MG4214_PATCH+' not present in the annotation (.gtf) file
2025-02-27 20:36:14,042 - WARNING - The .bam file refers to a chromosome 'CHR_MG4214_PATCH-' not present in the annotation (.gtf) file
2025-02-27 20:36:14,043 - DEBUG - Marking up chromosome CHR_MG4281_PATCH
2025-02-27 20:36:14,043 - WARNING - The .bam file refers to a chromosome 'CHR_MG4281_PATCH+' not present in the annotation (.gtf) file
2025-02-27 20:36:14,043 - WARNING - The .bam file refers to a chromosome 'CHR_MG4281_PATCH-' not present in the annotation (.gtf) file
2025-02-27 20:36:14,077 - DEBUG - Marking up chromosome CHR_MG191_PATCH
2025-02-27 20:36:14,077 - WARNING - The .bam file refers to a chromosome 'CHR_MG191_PATCH+' not present in the annotation (.gtf) file
2025-02-27 20:36:14,077 - WARNING - The .bam file refers to a chromosome 'CHR_MG191_PATCH-' not present in the annotation (.gtf) file
2025-02-27 20:36:14,112 - DEBUG - Marking up chromosome CHR_MG4266_PATCH
2025-02-27 20:36:14,112 - WARNING - The .bam file refers to a chromosome 'CHR_MG4266_PATCH+' not present in the annotation (.gtf) file
2025-02-27 20:36:14,112 - WARNING - The .bam file refers to a chromosome 'CHR_MG4266_PATCH-' not present in the annotation (.gtf) file
2025-02-27 20:36:14,174 - DEBUG - Marking up chromosome CHR_PWK_PHJ_MMCHR11_CTG1
2025-02-27 20:36:14,174 - WARNING - The .bam file refers to a chromosome 'CHR_PWK_PHJ_MMCHR11_CTG1+' not present in the annotation (.gtf) file
2025-02-27 20:36:14,174 - WARNING - The .bam file refers to a chromosome 'CHR_PWK_PHJ_MMCHR11_CTG1-' not present in the annotation (.gtf) file
2025-02-27 20:36:14,175 - DEBUG - Marking up chromosome CHR_MG190_MG3751_PATCH
2025-02-27 20:36:14,175 - WARNING - The .bam file refers to a chromosome 'CHR_MG190_MG3751_PATCH+' not present in the annotation (.gtf) file
2025-02-27 20:36:14,175 - WARNING - The .bam file refers to a chromosome 'CHR_MG190_MG3751_PATCH-' not present in the annotation (.gtf) file
2025-02-27 20:36:14,197 - DEBUG - Marking up chromosome CHR_MG3836_PATCH
2025-02-27 20:36:14,197 - WARNING - The .bam file refers to a chromosome 'CHR_MG3836_PATCH+' not present in the annotation (.gtf) file
2025-02-27 20:36:14,197 - WARNING - The .bam file refers to a chromosome 'CHR_MG3836_PATCH-' not present in the annotation (.gtf) file
2025-02-27 20:36:14,221 - DEBUG - Marking up chromosome CHR_MG4259_PATCH
2025-02-27 20:36:14,221 - WARNING - The .bam file refers to a chromosome 'CHR_MG4259_PATCH+' not present in the annotation (.gtf) file
2025-02-27 20:36:14,221 - WARNING - The .bam file refers to a chromosome 'CHR_MG4259_PATCH-' not present in the annotation (.gtf) file
2025-02-27 20:36:14,221 - DEBUG - Marking up chromosome CHR_MG3683_PATCH
2025-02-27 20:36:14,221 - WARNING - The .bam file refers to a chromosome 'CHR_MG3683_PATCH+' not present in the annotation (.gtf) file
2025-02-27 20:36:14,221 - WARNING - The .bam file refers to a chromosome 'CHR_MG3683_PATCH-' not present in the annotation (.gtf) file
2025-02-27 20:36:14,223 - DEBUG - Marking up chromosome CHR_MG184_PATCH
2025-02-27 20:36:14,224 - WARNING - The .bam file refers to a chromosome 'CHR_MG184_PATCH+' not present in the annotation (.gtf) file
2025-02-27 20:36:14,224 - WARNING - The .bam file refers to a chromosome 'CHR_MG184_PATCH-' not present in the annotation (.gtf) file
2025-02-27 20:36:14,244 - DEBUG - Marking up chromosome CHR_MG4264_PATCH
2025-02-27 20:36:14,244 - WARNING - The .bam file refers to a chromosome 'CHR_MG4264_PATCH+' not present in the annotation (.gtf) file
2025-02-27 20:36:14,244 - WARNING - The .bam file refers to a chromosome 'CHR_MG4264_PATCH-' not present in the annotation (.gtf) file
2025-02-27 20:36:14,248 - DEBUG - Marking up chromosome CHR_MG117_PATCH
2025-02-27 20:36:14,248 - WARNING - The .bam file refers to a chromosome 'CHR_MG117_PATCH+' not present in the annotation (.gtf) file
2025-02-27 20:36:14,248 - WARNING - The .bam file refers to a chromosome 'CHR_MG117_PATCH-' not present in the annotation (.gtf) file
2025-02-27 20:36:14,251 - DEBUG - Marking up chromosome CHR_MG3714_PATCH
2025-02-27 20:36:14,251 - WARNING - The .bam file refers to a chromosome 'CHR_MG3714_PATCH+' not present in the annotation (.gtf) file
2025-02-27 20:36:14,251 - WARNING - The .bam file refers to a chromosome 'CHR_MG3714_PATCH-' not present in the annotation (.gtf) file
2025-02-27 20:36:14,251 - DEBUG - Marking up chromosome CHR_MG3172_PATCH
2025-02-27 20:36:14,251 - WARNING - The .bam file refers to a chromosome 'CHR_MG3172_PATCH+' not present in the annotation (.gtf) file
2025-02-27 20:36:14,251 - WARNING - The .bam file refers to a chromosome 'CHR_MG3172_PATCH-' not present in the annotation (.gtf) file
2025-02-27 20:36:14,251 - DEBUG - Marking up chromosome CHR_MG4265_PATCH
2025-02-27 20:36:14,251 - WARNING - The .bam file refers to a chromosome 'CHR_MG4265_PATCH+' not present in the annotation (.gtf) file
2025-02-27 20:36:14,252 - WARNING - The .bam file refers to a chromosome 'CHR_MG4265_PATCH-' not present in the annotation (.gtf) file
2025-02-27 20:36:14,252 - DEBUG - Marking up chromosome JH584299.1
2025-02-27 20:36:14,252 - DEBUG - Marking up chromosome GL456233.1
2025-02-27 20:36:14,405 - DEBUG - Marking up chromosome JH584301.1
2025-02-27 20:36:14,405 - WARNING - The .bam file refers to a chromosome 'JH584301.1+' not present in the annotation (.gtf) file
2025-02-27 20:36:14,405 - WARNING - The .bam file refers to a chromosome 'JH584301.1-' not present in the annotation (.gtf) file
2025-02-27 20:36:14,405 - DEBUG - Marking up chromosome GL456211.1
2025-02-27 20:36:14,407 - DEBUG - Marking up chromosome GL456350.1
2025-02-27 20:36:14,407 - WARNING - The .bam file refers to a chromosome 'GL456350.1+' not present in the annotation (.gtf) file
2025-02-27 20:36:14,410 - DEBUG - Marking up chromosome JH584293.1
2025-02-27 20:36:14,411 - DEBUG - Marking up chromosome GL456221.1
2025-02-27 20:36:14,411 - DEBUG - Marking up chromosome GL456354.1
2025-02-27 20:36:14,425 - DEBUG - Marking up chromosome JH584294.1
2025-02-27 20:36:14,428 - DEBUG - Marking up chromosome JH584298.1
2025-02-27 20:36:14,428 - DEBUG - Marking up chromosome GL456219.1
2025-02-27 20:36:14,428 - WARNING - The .bam file refers to a chromosome 'GL456219.1+' not present in the annotation (.gtf) file
2025-02-27 20:36:14,428 - DEBUG - Marking up chromosome GL456210.1
2025-02-27 20:36:14,428 - DEBUG - Marking up chromosome JH584303.1
2025-02-27 20:36:14,428 - WARNING - The .bam file refers to a chromosome 'JH584303.1-' not present in the annotation (.gtf) file
2025-02-27 20:36:14,429 - DEBUG - Marking up chromosome GL456212.1
2025-02-27 20:36:14,429 - WARNING - The .bam file refers to a chromosome 'GL456212.1+' not present in the annotation (.gtf) file
2025-02-27 20:36:14,429 - DEBUG - Marking up chromosome JH584304.1
2025-02-27 20:36:14,429 - WARNING - The .bam file refers to a chromosome 'JH584304.1+' not present in the annotation (.gtf) file
2025-02-27 20:36:14,472 - DEBUG - Marking up chromosome GL456379.1
2025-02-27 20:36:14,472 - WARNING - The .bam file refers to a chromosome 'GL456379.1+' not present in the annotation (.gtf) file
2025-02-27 20:36:14,472 - WARNING - The .bam file refers to a chromosome 'GL456379.1-' not present in the annotation (.gtf) file
2025-02-27 20:36:14,472 - DEBUG - Marking up chromosome GL456216.1
2025-02-27 20:36:14,472 - WARNING - The .bam file refers to a chromosome 'GL456216.1-' not present in the annotation (.gtf) file
2025-02-27 20:36:14,603 - DEBUG - Marking up chromosome GL456366.1
2025-02-27 20:36:14,603 - WARNING - The .bam file refers to a chromosome 'GL456366.1+' not present in the annotation (.gtf) file
2025-02-27 20:36:14,603 - WARNING - The .bam file refers to a chromosome 'GL456366.1-' not present in the annotation (.gtf) file
2025-02-27 20:36:14,603 - DEBUG - Marking up chromosome GL456367.1
2025-02-27 20:36:14,603 - WARNING - The .bam file refers to a chromosome 'GL456367.1+' not present in the annotation (.gtf) file
2025-02-27 20:36:14,603 - WARNING - The .bam file refers to a chromosome 'GL456367.1-' not present in the annotation (.gtf) file
2025-02-27 20:36:14,604 - DEBUG - Marking up chromosome GL456378.1
2025-02-27 20:36:14,604 - WARNING - The .bam file refers to a chromosome 'GL456378.1+' not present in the annotation (.gtf) file
2025-02-27 20:36:14,604 - WARNING - The .bam file refers to a chromosome 'GL456378.1-' not present in the annotation (.gtf) file
2025-02-27 20:36:14,605 - DEBUG - Marking up chromosome GL456370.1
2025-02-27 20:36:14,605 - WARNING - The .bam file refers to a chromosome 'GL456370.1+' not present in the annotation (.gtf) file
2025-02-27 20:36:14,605 - WARNING - The .bam file refers to a chromosome 'GL456370.1-' not present in the annotation (.gtf) file
2025-02-27 20:36:14,611 - DEBUG - Marking up chromosome GL456392.1
2025-02-27 20:36:14,611 - WARNING - The .bam file refers to a chromosome 'GL456392.1+' not present in the annotation (.gtf) file
2025-02-27 20:36:14,611 - WARNING - The .bam file refers to a chromosome 'GL456392.1-' not present in the annotation (.gtf) file
2025-02-27 20:36:14,611 - DEBUG - Marking up chromosome GL456382.1
2025-02-27 20:36:14,611 - WARNING - The .bam file refers to a chromosome 'GL456382.1+' not present in the annotation (.gtf) file
2025-02-27 20:36:14,611 - WARNING - The .bam file refers to a chromosome 'GL456382.1-' not present in the annotation (.gtf) file
2025-02-27 20:36:14,670 - DEBUG - Marking up chromosome GL456359.1
2025-02-27 20:36:14,670 - WARNING - The .bam file refers to a chromosome 'GL456359.1+' not present in the annotation (.gtf) file
2025-02-27 20:36:14,670 - WARNING - The .bam file refers to a chromosome 'GL456359.1-' not present in the annotation (.gtf) file
2025-02-27 20:36:14,674 - DEBUG - Marking up chromosome GL456396.1
2025-02-27 20:36:14,674 - WARNING - The .bam file refers to a chromosome 'GL456396.1+' not present in the annotation (.gtf) file
2025-02-27 20:36:14,674 - WARNING - The .bam file refers to a chromosome 'GL456396.1-' not present in the annotation (.gtf) file
2025-02-27 20:36:14,674 - DEBUG - Marking up chromosome GL456368.1
2025-02-27 20:36:14,674 - WARNING - The .bam file refers to a chromosome 'GL456368.1+' not present in the annotation (.gtf) file
2025-02-27 20:36:14,674 - WARNING - The .bam file refers to a chromosome 'GL456368.1-' not present in the annotation (.gtf) file
2025-02-27 20:36:14,677 - DEBUG - Marking up chromosome JH584295.1
2025-02-27 20:36:14,677 - WARNING - The .bam file refers to a chromosome 'JH584295.1+' not present in the annotation (.gtf) file
2025-02-27 20:37:54,324 - DEBUG - Read first 380 million reads
2025-02-27 20:39:32,083 - DEBUG - End of file. Reset index: start scanning from initial position.
2025-02-27 20:39:32,186 - DEBUG - 8175243 reads were skipped because no apropiate cell or umi barcode was found
2025-02-27 20:39:32,186 - INFO - Now just waiting that the bam sorting process terminates
2025-02-27 22:20:18,577 - INFO - bam file #0 has been sorted
2025-02-27 22:20:18,602 - DEBUG - Start molecule counting!
2025-02-27 22:20:20,793 - DEBUG - Features available for chromosomes : ['1-', '1+', '10-', '10+', '11-', '11+', '12-', '12+', '13-', '13+', '14-', '14+', '15-', '15+', '16-', '16+', '17-', '17+', '18-', '18+', '19-', '19+', '2-', '2+', '3-', '3+', '4-', '4+', '5-', '5+', '6-', '6+', '7-', '7+', '8-', '8+', '9-', '9+', 'GL456210.1-', 'GL456210.1+', 'GL456211.1-', 'GL456211.1+', 'GL456212.1-', 'GL456216.1+', 'GL456219.1-', 'GL456221.1-', 'GL456221.1+', 'GL456233.1-', 'GL456233.1+', 'GL456350.1-', 'GL456354.1-', 'GL456354.1+', 'JH584292.1+', 'JH584293.1-', 'JH584293.1+', 'JH584294.1-', 'JH584294.1+', 'JH584295.1-', 'JH584296.1-', 'JH584297.1-', 'JH584297.1+', 'JH584298.1-', 'JH584298.1+', 'JH584299.1-', 'JH584299.1+', 'JH584303.1+', 'JH584304.1-', 'MT-', 'MT+', 'X-', 'X+', 'Y-', 'Y+']
2025-02-27 22:20:20,793 - DEBUG - Mask available for chromosomes : []
2025-02-27 22:20:20,793 - DEBUG - Summarizing the results of intron validation.
2025-02-27 22:20:21,226 - DEBUG - Validated 348412 introns (of which unique intervals 127745) out of 668190 total possible introns (considering each possible transcript models).
2025-02-27 22:20:21,226 - DEBUG - Reading /groups/mpistaff/Cranio_Lab/Louk_Seton/4_species_project/cellranger_related/cellranger_output/sc_rnaseq/mouse/mm10/ME8/outs/cellsorted_possorted_genome_bam.bam
2025-02-27 22:20:21,252 - DEBUG - Read first 0 million reads
2025-02-27 22:21:05,036 - DEBUG - Read first 10 million reads
2025-02-27 22:22:04,656 - DEBUG - Counting for batch 1, containing 100 cells and 3895406 reads
2025-02-27 22:24:46,769 - DEBUG - 0 reads not considered because fully enclosed in repeat masked regions
2025-02-27 22:26:04,208 - DEBUG - Read first 20 million reads
2025-02-27 22:26:26,383 - DEBUG - Counting for batch 2, containing 100 cells and 4718435 reads
2025-02-27 22:29:51,709 - DEBUG - 0 reads not considered because fully enclosed in repeat masked regions
2025-02-27 22:31:42,319 - DEBUG - Counting for batch 3, containing 100 cells and 4608834 reads
2025-02-27 22:34:42,879 - DEBUG - 0 reads not considered because fully enclosed in repeat masked regions
2025-02-27 22:35:49,558 - DEBUG - Read first 30 million reads
2025-02-27 22:36:36,300 - DEBUG - Counting for batch 4, containing 100 cells and 4794835 reads
2025-02-27 22:39:50,396 - DEBUG - 0 reads not considered because fully enclosed in repeat masked regions
2025-02-27 22:41:33,419 - DEBUG - Read first 40 million reads
2025-02-27 22:41:44,518 - DEBUG - Counting for batch 5, containing 100 cells and 5182279 reads
2025-02-27 22:45:09,438 - DEBUG - 0 reads not considered because fully enclosed in repeat masked regions
2025-02-27 22:46:54,259 - DEBUG - Counting for batch 6, containing 100 cells and 3941769 reads
2025-02-27 22:49:29,009 - DEBUG - 0 reads not considered because fully enclosed in repeat masked regions
2025-02-27 22:50:43,275 - DEBUG - Read first 50 million reads
2025-02-27 22:51:11,111 - DEBUG - Counting for batch 7, containing 100 cells and 4332157 reads
2025-02-27 22:54:00,852 - DEBUG - 0 reads not considered because fully enclosed in repeat masked regions
2025-02-27 22:55:44,475 - DEBUG - Counting for batch 8, containing 100 cells and 4132816 reads
2025-02-27 22:58:27,276 - DEBUG - 0 reads not considered because fully enclosed in repeat masked regions
2025-02-27 22:59:23,240 - DEBUG - Read first 60 million reads
2025-02-27 23:00:08,682 - DEBUG - Counting for batch 9, containing 100 cells and 4416500 reads
2025-02-27 23:03:07,924 - DEBUG - 0 reads not considered because fully enclosed in repeat masked regions
2025-02-27 23:04:40,758 - DEBUG - Counting for batch 10, containing 100 cells and 4018920 reads
2025-02-27 23:07:19,057 - DEBUG - 0 reads not considered because fully enclosed in repeat masked regions
2025-02-27 23:07:59,350 - DEBUG - Read first 70 million reads
2025-02-27 23:08:55,387 - DEBUG - Counting for batch 11, containing 100 cells and 4049072 reads
2025-02-27 23:11:44,422 - DEBUG - 0 reads not considered because fully enclosed in repeat masked regions
2025-02-27 23:13:10,952 - DEBUG - Read first 80 million reads
2025-02-27 23:13:15,625 - DEBUG - Counting for batch 12, containing 100 cells and 3918031 reads
2025-02-27 23:16:00,786 - DEBUG - 0 reads not considered because fully enclosed in repeat masked regions
2025-02-27 23:17:39,780 - DEBUG - Counting for batch 13, containing 100 cells and 4196933 reads
2025-02-27 23:20:34,918 - DEBUG - 0 reads not considered because fully enclosed in repeat masked regions
2025-02-27 23:22:07,223 - DEBUG - Read first 90 million reads
2025-02-27 23:22:27,595 - DEBUG - Counting for batch 14, containing 100 cells and 4240005 reads
2025-02-27 23:25:37,460 - DEBUG - 0 reads not considered because fully enclosed in repeat masked regions
2025-02-27 23:27:14,246 - DEBUG - Counting for batch 15, containing 100 cells and 3921890 reads
2025-02-27 23:30:14,605 - DEBUG - 0 reads not considered because fully enclosed in repeat masked regions
2025-02-27 23:31:23,590 - DEBUG - Read first 100 million reads
2025-02-27 23:31:48,388 - DEBUG - Counting for batch 16, containing 100 cells and 4181356 reads
2025-02-27 23:34:52,141 - DEBUG - 0 reads not considered because fully enclosed in repeat masked regions
2025-02-27 23:36:51,448 - DEBUG - Counting for batch 17, containing 100 cells and 4780180 reads
2025-02-27 23:40:46,537 - DEBUG - 0 reads not considered because fully enclosed in repeat masked regions
2025-02-27 23:41:50,989 - DEBUG - Read first 110 million reads
2025-02-27 23:42:46,821 - DEBUG - Counting for batch 18, containing 100 cells and 4562135 reads
2025-02-27 23:46:29,805 - DEBUG - 0 reads not considered because fully enclosed in repeat masked regions
2025-02-27 23:48:30,101 - DEBUG - Read first 120 million reads
2025-02-27 23:48:47,282 - DEBUG - Counting for batch 19, containing 100 cells and 4756058 reads
2025-02-27 23:52:11,878 - DEBUG - 0 reads not considered because fully enclosed in repeat masked regions
2025-02-27 23:54:04,250 - DEBUG - Counting for batch 20, containing 100 cells and 4262073 reads
2025-02-27 23:57:25,320 - DEBUG - 0 reads not considered because fully enclosed in repeat masked regions
2025-02-27 23:58:48,394 - DEBUG - Read first 130 million reads
2025-02-27 23:59:22,638 - DEBUG - Counting for batch 21, containing 100 cells and 4515306 reads
2025-02-28 00:02:52,040 - DEBUG - 0 reads not considered because fully enclosed in repeat masked regions
2025-02-28 00:04:51,487 - DEBUG - Counting for batch 22, containing 100 cells and 4779421 reads
2025-02-28 00:08:37,813 - DEBUG - 0 reads not considered because fully enclosed in repeat masked regions
2025-02-28 00:09:39,583 - DEBUG - Read first 140 million reads
2025-02-28 00:10:27,783 - DEBUG - Counting for batch 23, containing 100 cells and 4005292 reads
2025-02-28 00:13:53,982 - DEBUG - 0 reads not considered because fully enclosed in repeat masked regions
2025-02-28 00:15:35,056 - DEBUG - Read first 150 million reads
2025-02-28 00:15:35,959 - DEBUG - Counting for batch 24, containing 100 cells and 4207441 reads
2025-02-28 00:19:06,756 - DEBUG - 0 reads not considered because fully enclosed in repeat masked regions
2025-02-28 00:20:47,777 - DEBUG - Counting for batch 25, containing 100 cells and 4378534 reads
2025-02-28 00:23:55,519 - DEBUG - 0 reads not considered because fully enclosed in repeat masked regions
2025-02-28 00:25:25,299 - DEBUG - Read first 160 million reads
2025-02-28 00:25:44,094 - DEBUG - Counting for batch 26, containing 100 cells and 4284712 reads
2025-02-28 00:28:58,358 - DEBUG - 0 reads not considered because fully enclosed in repeat masked regions
2025-02-28 00:30:32,672 - DEBUG - Counting for batch 27, containing 100 cells and 4164578 reads
2025-02-28 00:33:43,336 - DEBUG - 0 reads not considered because fully enclosed in repeat masked regions
2025-02-28 00:35:06,107 - DEBUG - Read first 170 million reads
2025-02-28 00:35:37,812 - DEBUG - Counting for batch 28, containing 100 cells and 3943519 reads
2025-02-28 00:38:30,876 - DEBUG - 0 reads not considered because fully enclosed in repeat masked regions
2025-02-28 00:40:34,334 - DEBUG - Counting for batch 29, containing 100 cells and 4849577 reads
2025-02-28 00:44:29,078 - DEBUG - 0 reads not considered because fully enclosed in repeat masked regions
2025-02-28 00:45:38,786 - DEBUG - Read first 180 million reads
2025-02-28 00:46:24,961 - DEBUG - Counting for batch 30, containing 100 cells and 4422362 reads
2025-02-28 00:49:44,744 - DEBUG - 0 reads not considered because fully enclosed in repeat masked regions
2025-02-28 00:51:31,710 - DEBUG - Read first 190 million reads
2025-02-28 00:51:48,277 - DEBUG - Counting for batch 31, containing 100 cells and 4853595 reads
2025-02-28 00:55:38,097 - DEBUG - 0 reads not considered because fully enclosed in repeat masked regions
2025-02-28 00:57:30,986 - DEBUG - Counting for batch 32, containing 100 cells and 4115573 reads
2025-02-28 01:00:49,971 - DEBUG - 0 reads not considered because fully enclosed in repeat masked regions
2025-02-28 01:02:10,215 - DEBUG - Read first 200 million reads
2025-02-28 01:02:41,564 - DEBUG - Counting for batch 33, containing 100 cells and 4190435 reads
2025-02-28 01:05:55,021 - DEBUG - 0 reads not considered because fully enclosed in repeat masked regions
2025-02-28 01:07:52,551 - DEBUG - Counting for batch 34, containing 100 cells and 4274802 reads
2025-02-28 01:11:09,120 - DEBUG - 0 reads not considered because fully enclosed in repeat masked regions
2025-02-28 01:12:09,048 - DEBUG - Read first 210 million reads
2025-02-28 01:12:53,416 - DEBUG - Counting for batch 35, containing 100 cells and 4439148 reads
2025-02-28 01:16:20,143 - DEBUG - 0 reads not considered because fully enclosed in repeat masked regions
2025-02-28 01:18:14,601 - DEBUG - Read first 220 million reads
2025-02-28 01:18:26,692 - DEBUG - Counting for batch 36, containing 100 cells and 4815571 reads
2025-02-28 01:22:19,379 - DEBUG - 0 reads not considered because fully enclosed in repeat masked regions
2025-02-28 01:24:10,830 - DEBUG - Counting for batch 37, containing 100 cells and 4519729 reads
2025-02-28 01:27:23,709 - DEBUG - 0 reads not considered because fully enclosed in repeat masked regions
2025-02-28 01:28:48,928 - DEBUG - Read first 230 million reads
2025-02-28 01:29:20,469 - DEBUG - Counting for batch 38, containing 100 cells and 4213274 reads
2025-02-28 01:32:17,943 - DEBUG - 0 reads not considered because fully enclosed in repeat masked regions
2025-02-28 01:34:04,470 - DEBUG - Counting for batch 39, containing 100 cells and 4235424 reads
2025-02-28 01:37:16,917 - DEBUG - 0 reads not considered because fully enclosed in repeat masked regions
2025-02-28 01:38:27,060 - DEBUG - Read first 240 million reads
2025-02-28 01:39:14,114 - DEBUG - Counting for batch 40, containing 100 cells and 4226259 reads
2025-02-28 01:42:26,517 - DEBUG - 0 reads not considered because fully enclosed in repeat masked regions
2025-02-28 01:44:05,077 - DEBUG - Counting for batch 41, containing 100 cells and 3783834 reads
2025-02-28 01:46:47,182 - DEBUG - 0 reads not considered because fully enclosed in repeat masked regions
2025-02-28 01:47:31,935 - DEBUG - Read first 250 million reads
2025-02-28 01:48:20,477 - DEBUG - Counting for batch 42, containing 100 cells and 3799184 reads
2025-02-28 01:51:04,304 - DEBUG - 0 reads not considered because fully enclosed in repeat masked regions
2025-02-28 01:52:32,916 - DEBUG - Read first 260 million reads
2025-02-28 01:52:35,915 - DEBUG - Counting for batch 43, containing 100 cells and 4242977 reads
2025-02-28 01:55:40,256 - DEBUG - 0 reads not considered because fully enclosed in repeat masked regions
2025-02-28 01:57:19,514 - DEBUG - Counting for batch 44, containing 100 cells and 3940022 reads
2025-02-28 02:00:04,624 - DEBUG - 0 reads not considered because fully enclosed in repeat masked regions
2025-02-28 02:01:29,955 - DEBUG - Read first 270 million reads
2025-02-28 02:01:45,628 - DEBUG - Counting for batch 45, containing 100 cells and 4016795 reads
2025-02-28 02:04:38,700 - DEBUG - 0 reads not considered because fully enclosed in repeat masked regions
2025-02-28 02:06:03,636 - DEBUG - Counting for batch 46, containing 100 cells and 4000018 reads
2025-02-28 02:08:49,410 - DEBUG - 0 reads not considered because fully enclosed in repeat masked regions
2025-02-28 02:10:02,194 - DEBUG - Read first 280 million reads
2025-02-28 02:10:25,766 - DEBUG - Counting for batch 47, containing 100 cells and 4257511 reads
2025-02-28 02:13:14,796 - DEBUG - 0 reads not considered because fully enclosed in repeat masked regions
2025-02-28 02:15:01,607 - DEBUG - Counting for batch 48, containing 100 cells and 4576119 reads
2025-02-28 02:18:16,670 - DEBUG - 0 reads not considered because fully enclosed in repeat masked regions
2025-02-28 02:19:20,048 - DEBUG - Read first 290 million reads
2025-02-28 02:19:55,088 - DEBUG - Counting for batch 49, containing 100 cells and 3980892 reads
2025-02-28 02:23:09,385 - DEBUG - 0 reads not considered because fully enclosed in repeat masked regions
2025-02-28 02:24:44,681 - DEBUG - Counting for batch 50, containing 100 cells and 4038545 reads
2025-02-28 02:27:57,084 - DEBUG - 0 reads not considered because fully enclosed in repeat masked regions
2025-02-28 02:28:49,577 - DEBUG - Read first 300 million reads
2025-02-28 02:29:32,719 - DEBUG - Counting for batch 51, containing 100 cells and 3781897 reads
2025-02-28 02:32:14,702 - DEBUG - 0 reads not considered because fully enclosed in repeat masked regions
2025-02-28 02:33:53,219 - DEBUG - Counting for batch 52, containing 100 cells and 3802683 reads
2025-02-28 02:36:39,045 - DEBUG - 0 reads not considered because fully enclosed in repeat masked regions
2025-02-28 02:37:19,308 - DEBUG - Read first 310 million reads
2025-02-28 02:38:13,089 - DEBUG - Counting for batch 53, containing 100 cells and 4071995 reads
2025-02-28 02:59:18,887 - DEBUG - 0 reads not considered because fully enclosed in repeat masked regions
2025-02-28 03:00:50,178 - DEBUG - Read first 320 million reads
2025-02-28 03:00:53,463 - DEBUG - Counting for batch 54, containing 100 cells and 3956528 reads
2025-02-28 03:03:43,941 - DEBUG - 0 reads not considered because fully enclosed in repeat masked regions
2025-02-28 03:05:26,766 - DEBUG - Counting for batch 55, containing 100 cells and 4891606 reads
2025-02-28 03:08:41,911 - DEBUG - 0 reads not considered because fully enclosed in repeat masked regions
2025-02-28 03:09:55,242 - DEBUG - Read first 330 million reads
2025-02-28 03:10:16,790 - DEBUG - Counting for batch 56, containing 100 cells and 4042022 reads
2025-02-28 03:12:50,399 - DEBUG - 0 reads not considered because fully enclosed in repeat masked regions
2025-02-28 03:14:27,900 - DEBUG - Counting for batch 57, containing 100 cells and 4621812 reads
2025-02-28 03:17:23,658 - DEBUG - 0 reads not considered because fully enclosed in repeat masked regions
2025-02-28 03:18:20,978 - DEBUG - Read first 340 million reads
2025-02-28 03:19:02,701 - DEBUG - Counting for batch 58, containing 100 cells and 4220254 reads
2025-02-28 03:21:57,682 - DEBUG - 0 reads not considered because fully enclosed in repeat masked regions
2025-02-28 03:23:17,821 - DEBUG - Counting for batch 59, containing 100 cells and 3732773 reads
2025-02-28 03:25:44,848 - DEBUG - 0 reads not considered because fully enclosed in repeat masked regions
2025-02-28 03:26:26,347 - DEBUG - Read first 350 million reads
2025-02-28 03:27:06,157 - DEBUG - Counting for batch 60, containing 100 cells and 3972349 reads
2025-02-28 03:29:39,862 - DEBUG - 0 reads not considered because fully enclosed in repeat masked regions
2025-02-28 03:31:03,498 - DEBUG - Read first 360 million reads
2025-02-28 03:31:09,345 - DEBUG - Counting for batch 61, containing 100 cells and 4499421 reads
2025-02-28 03:34:00,938 - DEBUG - 0 reads not considered because fully enclosed in repeat masked regions
2025-02-28 03:35:36,489 - DEBUG - Counting for batch 62, containing 100 cells and 4309138 reads
2025-02-28 03:38:16,052 - DEBUG - 0 reads not considered because fully enclosed in repeat masked regions
2025-02-28 03:39:25,387 - DEBUG - Read first 370 million reads
2025-02-28 03:39:45,993 - DEBUG - Counting for batch 63, containing 100 cells and 3798464 reads
2025-02-28 03:42:06,981 - DEBUG - 0 reads not considered because fully enclosed in repeat masked regions
2025-02-28 03:43:38,346 - DEBUG - Counting for batch 64, containing 100 cells and 4174454 reads
2025-02-28 03:46:15,308 - DEBUG - 0 reads not considered because fully enclosed in repeat masked regions
2025-02-28 03:47:17,141 - DEBUG - Read first 380 million reads
2025-02-28 03:47:53,049 - DEBUG - Counting for batch 65, containing 100 cells and 4371290 reads
2025-02-28 03:50:35,898 - DEBUG - 0 reads not considered because fully enclosed in repeat masked regions
2025-02-28 03:51:54,975 - DEBUG - Counting for batch 66, containing 68 cells and 2683609 reads
2025-02-28 03:53:36,406 - DEBUG - 0 reads not considered because fully enclosed in repeat masked regions
2025-02-28 03:54:00,252 - DEBUG - 8175243 reads were skipped because no apropiate cell or umi barcode was found
2025-02-28 03:54:00,298 - DEBUG - Counting done!
2025-02-28 03:54:00,326 - DEBUG - Generating output file /groups/mpistaff/Cranio_Lab/Louk_Seton/4_species_project/cellranger_related/cellranger_output/sc_rnaseq/mouse/mm10/ME8/velocyto/ME8.loom
2025-02-28 03:54:00,326 - DEBUG - Collecting row attributes
2025-02-28 03:54:00,458 - DEBUG - Generating data table
2025-02-28 03:54:02,419 - DEBUG - Writing loom file
2025-02-28 03:54:04,757 - DEBUG - Creating converter from 5 to 3
2025-02-28 03:54:04,759 - DEBUG - Creating converter from 3 to 5
2025-02-28 03:54:35,651 - DEBUG - Terminated Succesfully!
