2025-05-28 10:04:15,051 - DEBUG - Using logic: Default
2025-05-28 10:04:15,058 - INFO - Read 7603 cell barcodes from /groups/mpistaff/Cranio_Lab/Louk_Seton/4_species_project/cellranger_related/cellranger_output/sc_rnaseq/rat/GRCr8/RE8/outs/filtered_feature_bc_matrix/barcodes.tsv.gz
2025-05-28 10:04:15,058 - DEBUG - Example of barcode: AAACCCAAGAGGCCAT and cell_id: RE8:AAACCCAAGAGGCCAT-1
2025-05-28 10:04:15,071 - DEBUG - Peeking into /groups/mpistaff/Cranio_Lab/Louk_Seton/4_species_project/cellranger_related/cellranger_output/sc_rnaseq/rat/GRCr8/RE8/outs/possorted_genome_bam.bam
2025-05-28 10:04:15,088 - WARNING - Not found cell and umi barcode in entry 1 of the bam file
2025-05-28 10:04:15,089 - WARNING - Not found cell and umi barcode in entry 237 of the bam file
2025-05-28 10:04:15,089 - WARNING - Not found cell and umi barcode in entry 298 of the bam file
2025-05-28 10:04:15,089 - WARNING - Not found cell and umi barcode in entry 299 of the bam file
2025-05-28 10:04:15,089 - WARNING - Not found cell and umi barcode in entry 300 of the bam file
2025-05-28 10:04:15,089 - WARNING - Not found cell and umi barcode in entry 309 of the bam file
2025-05-28 10:04:15,089 - WARNING - Not found cell and umi barcode in entry 353 of the bam file
2025-05-28 10:04:15,089 - WARNING - Not found cell and umi barcode in entry 354 of the bam file
2025-05-28 10:04:15,090 - WARNING - Not found cell and umi barcode in entry 371 of the bam file
2025-05-28 10:04:15,090 - WARNING - Not found cell and umi barcode in entry 438 of the bam file
2025-05-28 10:04:15,090 - WARNING - Not found cell and umi barcode in entry 444 of the bam file
2025-05-28 10:04:15,090 - WARNING - Not found cell and umi barcode in entry 450 of the bam file
2025-05-28 10:04:15,090 - WARNING - Not found cell and umi barcode in entry 452 of the bam file
2025-05-28 10:04:15,090 - WARNING - Not found cell and umi barcode in entry 468 of the bam file
2025-05-28 10:04:15,090 - WARNING - Not found cell and umi barcode in entry 482 of the bam file
2025-05-28 10:04:15,090 - WARNING - Not found cell and umi barcode in entry 539 of the bam file
2025-05-28 10:04:15,091 - WARNING - Not found cell and umi barcode in entry 622 of the bam file
2025-05-28 10:04:15,091 - WARNING - Not found cell and umi barcode in entry 849 of the bam file
2025-05-28 10:04:15,092 - WARNING - Not found cell and umi barcode in entry 937 of the bam file
2025-05-28 10:04:15,092 - WARNING - Not found cell and umi barcode in entry 940 of the bam file
2025-05-28 10:04:15,092 - WARNING - Not found cell and umi barcode in entry 977 of the bam file
2025-05-28 10:04:15,092 - WARNING - Not found cell and umi barcode in entry 978 of the bam file
2025-05-28 10:04:15,092 - WARNING - Not found cell and umi barcode in entry 979 of the bam file
2025-05-28 10:04:15,092 - WARNING - Not found cell and umi barcode in entry 1009 of the bam file
2025-05-28 10:04:15,104 - INFO - Starting the sorting process of /groups/mpistaff/Cranio_Lab/Louk_Seton/4_species_project/cellranger_related/cellranger_output/sc_rnaseq/rat/GRCr8/RE8/outs/possorted_genome_bam.bam the output will be at: /groups/mpistaff/Cranio_Lab/Louk_Seton/4_species_project/cellranger_related/cellranger_output/sc_rnaseq/rat/GRCr8/RE8/outs/cellsorted_possorted_genome_bam.bam
2025-05-28 10:04:15,104 - INFO - Command being run is: samtools sort -l 7 -m 8192M -t CB -O BAM -@ 14 -o /groups/mpistaff/Cranio_Lab/Louk_Seton/4_species_project/cellranger_related/cellranger_output/sc_rnaseq/rat/GRCr8/RE8/outs/cellsorted_possorted_genome_bam.bam /groups/mpistaff/Cranio_Lab/Louk_Seton/4_species_project/cellranger_related/cellranger_output/sc_rnaseq/rat/GRCr8/RE8/outs/possorted_genome_bam.bam
2025-05-28 10:04:15,104 - INFO - While the bam sorting happens do other things...
2025-05-28 10:04:15,104 - INFO - Load the annotation from /groups/mpistaff/Cranio_Lab/Louk_Seton/4_species_project/cellranger_related/cellranger-9.0.1/reference_genomes/GRCr8/genes/genes.gtf
2025-05-28 10:04:19,725 - DEBUG - Parsing Chromosome 1 strand - [line 0]
2025-05-28 10:04:20,260 - DEBUG - Done with 1- [line 95722]
2025-05-28 10:04:20,260 - DEBUG - Assigning indexes to genes
2025-05-28 10:04:20,270 - DEBUG - Seen 2418 genes until now
2025-05-28 10:04:20,270 - DEBUG - Parsing Chromosome 1 strand + [line 95723]
2025-05-28 10:04:20,741 - DEBUG - Done with 1+ [line 196670]
2025-05-28 10:04:20,741 - DEBUG - Assigning indexes to genes
2025-05-28 10:04:20,750 - DEBUG - Seen 4951 genes until now
2025-05-28 10:04:20,750 - DEBUG - Parsing Chromosome 10 strand - [line 196671]
2025-05-28 10:04:21,079 - DEBUG - Done with 10- [line 253609]
2025-05-28 10:04:21,080 - DEBUG - Assigning indexes to genes
2025-05-28 10:04:21,084 - DEBUG - Seen 6178 genes until now
2025-05-28 10:04:21,084 - DEBUG - Parsing Chromosome 10 strand + [line 253610]
2025-05-28 10:04:21,265 - DEBUG - Done with 10+ [line 313293]
2025-05-28 10:04:21,265 - DEBUG - Assigning indexes to genes
2025-05-28 10:04:21,269 - DEBUG - Seen 7388 genes until now
2025-05-28 10:04:21,269 - DEBUG - Parsing Chromosome 11 strand - [line 313294]
2025-05-28 10:04:21,343 - DEBUG - Done with 11- [line 336954]
2025-05-28 10:04:21,344 - DEBUG - Assigning indexes to genes
2025-05-28 10:04:21,345 - DEBUG - Seen 7892 genes until now
2025-05-28 10:04:21,345 - DEBUG - Parsing Chromosome 11 strand + [line 336955]
2025-05-28 10:04:21,407 - DEBUG - Done with 11+ [line 356733]
2025-05-28 10:04:21,407 - DEBUG - Assigning indexes to genes
2025-05-28 10:04:21,408 - DEBUG - Seen 8449 genes until now
2025-05-28 10:04:21,409 - DEBUG - Parsing Chromosome 12 strand - [line 356734]
2025-05-28 10:04:21,669 - DEBUG - Done with 12- [line 381059]
2025-05-28 10:04:21,669 - DEBUG - Assigning indexes to genes
2025-05-28 10:04:21,671 - DEBUG - Seen 9037 genes until now
2025-05-28 10:04:21,671 - DEBUG - Parsing Chromosome 12 strand + [line 381060]
2025-05-28 10:04:21,758 - DEBUG - Done with 12+ [line 408200]
2025-05-28 10:04:21,759 - DEBUG - Assigning indexes to genes
2025-05-28 10:04:21,761 - DEBUG - Seen 9592 genes until now
2025-05-28 10:04:21,761 - DEBUG - Parsing Chromosome 13 strand - [line 408201]
2025-05-28 10:04:21,850 - DEBUG - Done with 13- [line 436175]
2025-05-28 10:04:21,850 - DEBUG - Assigning indexes to genes
2025-05-28 10:04:21,852 - DEBUG - Seen 10193 genes until now
2025-05-28 10:04:21,852 - DEBUG - Parsing Chromosome 13 strand + [line 436176]
2025-05-28 10:04:21,931 - DEBUG - Done with 13+ [line 461606]
2025-05-28 10:04:21,931 - DEBUG - Assigning indexes to genes
2025-05-28 10:04:21,933 - DEBUG - Seen 10795 genes until now
2025-05-28 10:04:21,933 - DEBUG - Parsing Chromosome 14 strand - [line 461607]
2025-05-28 10:04:22,027 - DEBUG - Done with 14- [line 491144]
2025-05-28 10:04:22,027 - DEBUG - Assigning indexes to genes
2025-05-28 10:04:22,029 - DEBUG - Seen 11498 genes until now
2025-05-28 10:04:22,030 - DEBUG - Parsing Chromosome 14 strand + [line 491145]
2025-05-28 10:04:22,338 - DEBUG - Done with 14+ [line 519906]
2025-05-28 10:04:22,338 - DEBUG - Assigning indexes to genes
2025-05-28 10:04:22,341 - DEBUG - Seen 12157 genes until now
2025-05-28 10:04:22,341 - DEBUG - Parsing Chromosome 15 strand - [line 519907]
2025-05-28 10:04:22,424 - DEBUG - Done with 15- [line 546009]
2025-05-28 10:04:22,424 - DEBUG - Assigning indexes to genes
2025-05-28 10:04:22,426 - DEBUG - Seen 12846 genes until now
2025-05-28 10:04:22,427 - DEBUG - Parsing Chromosome 15 strand + [line 546010]
2025-05-28 10:04:22,496 - DEBUG - Done with 15+ [line 568715]
2025-05-28 10:04:22,496 - DEBUG - Assigning indexes to genes
2025-05-28 10:04:22,498 - DEBUG - Seen 13523 genes until now
2025-05-28 10:04:22,498 - DEBUG - Parsing Chromosome 16 strand - [line 568716]
2025-05-28 10:04:22,578 - DEBUG - Done with 16- [line 594154]
2025-05-28 10:04:22,579 - DEBUG - Assigning indexes to genes
2025-05-28 10:04:22,580 - DEBUG - Seen 14132 genes until now
2025-05-28 10:04:22,580 - DEBUG - Parsing Chromosome 16 strand + [line 594155]
2025-05-28 10:04:22,658 - DEBUG - Done with 16+ [line 619274]
2025-05-28 10:04:22,659 - DEBUG - Assigning indexes to genes
2025-05-28 10:04:22,660 - DEBUG - Seen 14726 genes until now
2025-05-28 10:04:22,660 - DEBUG - Parsing Chromosome 17 strand - [line 619275]
2025-05-28 10:04:22,729 - DEBUG - Done with 17- [line 640531]
2025-05-28 10:04:22,729 - DEBUG - Assigning indexes to genes
2025-05-28 10:04:22,731 - DEBUG - Seen 15370 genes until now
2025-05-28 10:04:22,731 - DEBUG - Parsing Chromosome 17 strand + [line 640532]
2025-05-28 10:04:22,818 - DEBUG - Done with 17+ [line 668198]
2025-05-28 10:04:22,818 - DEBUG - Assigning indexes to genes
2025-05-28 10:04:22,820 - DEBUG - Seen 16082 genes until now
2025-05-28 10:04:22,820 - DEBUG - Parsing Chromosome 18 strand - [line 668199]
2025-05-28 10:04:22,879 - DEBUG - Done with 18- [line 686474]
2025-05-28 10:04:22,879 - DEBUG - Assigning indexes to genes
2025-05-28 10:04:22,880 - DEBUG - Seen 16539 genes until now
2025-05-28 10:04:22,880 - DEBUG - Parsing Chromosome 18 strand + [line 686475]
2025-05-28 10:04:23,173 - DEBUG - Done with 18+ [line 709205]
2025-05-28 10:04:23,173 - DEBUG - Assigning indexes to genes
2025-05-28 10:04:23,175 - DEBUG - Seen 17054 genes until now
2025-05-28 10:04:23,175 - DEBUG - Parsing Chromosome 19 strand - [line 709206]
2025-05-28 10:04:23,245 - DEBUG - Done with 19- [line 731611]
2025-05-28 10:04:23,245 - DEBUG - Assigning indexes to genes
2025-05-28 10:04:23,247 - DEBUG - Seen 17638 genes until now
2025-05-28 10:04:23,247 - DEBUG - Parsing Chromosome 19 strand + [line 731612]
2025-05-28 10:04:23,316 - DEBUG - Done with 19+ [line 754257]
2025-05-28 10:04:23,316 - DEBUG - Assigning indexes to genes
2025-05-28 10:04:23,318 - DEBUG - Seen 18241 genes until now
2025-05-28 10:04:23,318 - DEBUG - Parsing Chromosome 2 strand - [line 754258]
2025-05-28 10:04:23,487 - DEBUG - Done with 2- [line 807483]
2025-05-28 10:04:23,487 - DEBUG - Assigning indexes to genes
2025-05-28 10:04:23,492 - DEBUG - Seen 19617 genes until now
2025-05-28 10:04:23,492 - DEBUG - Parsing Chromosome 2 strand + [line 807484]
2025-05-28 10:04:23,671 - DEBUG - Done with 2+ [line 864881]
2025-05-28 10:04:23,672 - DEBUG - Assigning indexes to genes
2025-05-28 10:04:23,677 - DEBUG - Seen 20991 genes until now
2025-05-28 10:04:23,677 - DEBUG - Parsing Chromosome 20 strand - [line 864882]
2025-05-28 10:04:23,745 - DEBUG - Done with 20- [line 886350]
2025-05-28 10:04:23,745 - DEBUG - Assigning indexes to genes
2025-05-28 10:04:23,747 - DEBUG - Seen 21503 genes until now
2025-05-28 10:04:23,747 - DEBUG - Parsing Chromosome 20 strand + [line 886351]
2025-05-28 10:04:23,811 - DEBUG - Done with 20+ [line 907437]
2025-05-28 10:04:23,811 - DEBUG - Assigning indexes to genes
2025-05-28 10:04:23,814 - DEBUG - Seen 22042 genes until now
2025-05-28 10:04:23,814 - DEBUG - Parsing Chromosome 3 strand - [line 907438]
2025-05-28 10:04:24,255 - DEBUG - Done with 3- [line 969444]
2025-05-28 10:04:24,255 - DEBUG - Assigning indexes to genes
2025-05-28 10:04:24,259 - DEBUG - Seen 23419 genes until now
2025-05-28 10:04:24,259 - DEBUG - Parsing Chromosome 3 strand + [line 969445]
2025-05-28 10:04:24,445 - DEBUG - Done with 3+ [line 1030382]
2025-05-28 10:04:24,445 - DEBUG - Assigning indexes to genes
2025-05-28 10:04:24,450 - DEBUG - Seen 24889 genes until now
2025-05-28 10:04:24,451 - DEBUG - Parsing Chromosome 4 strand - [line 1030383]
2025-05-28 10:04:24,603 - DEBUG - Done with 4- [line 1078970]
2025-05-28 10:04:24,603 - DEBUG - Assigning indexes to genes
2025-05-28 10:04:24,607 - DEBUG - Seen 26083 genes until now
2025-05-28 10:04:24,607 - DEBUG - Parsing Chromosome 4 strand + [line 1078971]
2025-05-28 10:04:24,771 - DEBUG - Done with 4+ [line 1132396]
2025-05-28 10:04:24,771 - DEBUG - Assigning indexes to genes
2025-05-28 10:04:24,775 - DEBUG - Seen 27316 genes until now
2025-05-28 10:04:24,775 - DEBUG - Parsing Chromosome 5 strand - [line 1132397]
2025-05-28 10:04:24,935 - DEBUG - Done with 5- [line 1183862]
2025-05-28 10:04:24,935 - DEBUG - Assigning indexes to genes
2025-05-28 10:04:24,939 - DEBUG - Seen 28476 genes until now
2025-05-28 10:04:24,939 - DEBUG - Parsing Chromosome 5 strand + [line 1183863]
2025-05-28 10:04:25,378 - DEBUG - Done with 5+ [line 1235242]
2025-05-28 10:04:25,378 - DEBUG - Assigning indexes to genes
2025-05-28 10:04:25,382 - DEBUG - Seen 29583 genes until now
2025-05-28 10:04:25,382 - DEBUG - Parsing Chromosome 6 strand - [line 1235243]
2025-05-28 10:04:25,487 - DEBUG - Done with 6- [line 1269196]
2025-05-28 10:04:25,487 - DEBUG - Assigning indexes to genes
2025-05-28 10:04:25,489 - DEBUG - Seen 30399 genes until now
2025-05-28 10:04:25,489 - DEBUG - Parsing Chromosome 6 strand + [line 1269197]
2025-05-28 10:04:25,620 - DEBUG - Done with 6+ [line 1311674]
2025-05-28 10:04:25,620 - DEBUG - Assigning indexes to genes
2025-05-28 10:04:25,623 - DEBUG - Seen 31231 genes until now
2025-05-28 10:04:25,623 - DEBUG - Parsing Chromosome 7 strand - [line 1311675]
2025-05-28 10:04:25,782 - DEBUG - Done with 7- [line 1363950]
2025-05-28 10:04:25,783 - DEBUG - Assigning indexes to genes
2025-05-28 10:04:25,786 - DEBUG - Seen 32433 genes until now
2025-05-28 10:04:25,786 - DEBUG - Parsing Chromosome 7 strand + [line 1363951]
2025-05-28 10:04:25,925 - DEBUG - Done with 7+ [line 1409351]
2025-05-28 10:04:25,925 - DEBUG - Assigning indexes to genes
2025-05-28 10:04:25,930 - DEBUG - Seen 33462 genes until now
2025-05-28 10:04:25,930 - DEBUG - Parsing Chromosome 8 strand - [line 1409352]
2025-05-28 10:04:26,072 - DEBUG - Done with 8- [line 1455186]
2025-05-28 10:04:26,072 - DEBUG - Assigning indexes to genes
2025-05-28 10:04:26,075 - DEBUG - Seen 34440 genes until now
2025-05-28 10:04:26,075 - DEBUG - Parsing Chromosome 8 strand + [line 1455187]
2025-05-28 10:04:26,214 - DEBUG - Done with 8+ [line 1501046]
2025-05-28 10:04:26,214 - DEBUG - Assigning indexes to genes
2025-05-28 10:04:26,218 - DEBUG - Seen 35495 genes until now
2025-05-28 10:04:26,218 - DEBUG - Parsing Chromosome 9 strand - [line 1501047]
2025-05-28 10:04:26,324 - DEBUG - Done with 9- [line 1534430]
2025-05-28 10:04:26,324 - DEBUG - Assigning indexes to genes
2025-05-28 10:04:26,327 - DEBUG - Seen 36246 genes until now
2025-05-28 10:04:26,327 - DEBUG - Parsing Chromosome 9 strand + [line 1534431]
2025-05-28 10:04:26,448 - DEBUG - Done with 9+ [line 1573810]
2025-05-28 10:04:26,448 - DEBUG - Assigning indexes to genes
2025-05-28 10:04:26,451 - DEBUG - Seen 37042 genes until now
2025-05-28 10:04:26,451 - DEBUG - Parsing Chromosome JAXUCZ010000023.1 strand - [line 1573811]
2025-05-28 10:04:26,451 - DEBUG - Done with JAXUCZ010000023.1- [line 1573837]
2025-05-28 10:04:26,451 - DEBUG - Assigning indexes to genes
2025-05-28 10:04:26,452 - DEBUG - Seen 37043 genes until now
2025-05-28 10:04:26,452 - DEBUG - Parsing Chromosome JAXUCZ010000023.1 strand + [line 1573838]
2025-05-28 10:04:26,452 - DEBUG - Done with JAXUCZ010000023.1+ [line 1573880]
2025-05-28 10:04:26,452 - DEBUG - Assigning indexes to genes
2025-05-28 10:04:26,452 - DEBUG - Seen 37046 genes until now
2025-05-28 10:04:26,452 - DEBUG - Parsing Chromosome JAXUCZ010000028.1 strand - [line 1573881]
2025-05-28 10:04:26,453 - DEBUG - Done with JAXUCZ010000028.1- [line 1574046]
2025-05-28 10:04:26,453 - DEBUG - Assigning indexes to genes
2025-05-28 10:04:26,453 - DEBUG - Seen 37058 genes until now
2025-05-28 10:04:26,453 - DEBUG - Parsing Chromosome JAXUCZ010000028.1 strand + [line 1574047]
2025-05-28 10:04:26,454 - DEBUG - Done with JAXUCZ010000028.1+ [line 1574261]
2025-05-28 10:04:26,454 - DEBUG - Assigning indexes to genes
2025-05-28 10:04:26,454 - DEBUG - Seen 37069 genes until now
2025-05-28 10:04:26,455 - DEBUG - Parsing Chromosome JAXUCZ010000075.1 strand - [line 1574262]
2025-05-28 10:04:26,455 - DEBUG - Done with JAXUCZ010000075.1- [line 1574277]
2025-05-28 10:04:26,455 - DEBUG - Assigning indexes to genes
2025-05-28 10:04:26,455 - DEBUG - Seen 37070 genes until now
2025-05-28 10:04:26,455 - DEBUG - Parsing Chromosome JAXUCZ010000075.1 strand + [line 1574278]
2025-05-28 10:04:26,455 - DEBUG - Done with JAXUCZ010000075.1+ [line 1574289]
2025-05-28 10:04:26,455 - DEBUG - Assigning indexes to genes
2025-05-28 10:04:26,455 - DEBUG - Seen 37071 genes until now
2025-05-28 10:04:26,455 - DEBUG - Parsing Chromosome MT strand - [line 1574290]
2025-05-28 10:04:26,455 - DEBUG - Done with MT- [line 1574295]
2025-05-28 10:04:26,455 - DEBUG - Assigning indexes to genes
2025-05-28 10:04:26,455 - DEBUG - Seen 37072 genes until now
2025-05-28 10:04:26,455 - DEBUG - Parsing Chromosome MT strand + [line 1574296]
2025-05-28 10:04:26,455 - DEBUG - Done with MT+ [line 1574365]
2025-05-28 10:04:26,455 - DEBUG - Assigning indexes to genes
2025-05-28 10:04:26,455 - DEBUG - Seen 37084 genes until now
2025-05-28 10:04:26,455 - DEBUG - Parsing Chromosome X strand - [line 1574366]
2025-05-28 10:04:26,888 - DEBUG - Done with X- [line 1602699]
2025-05-28 10:04:26,888 - DEBUG - Assigning indexes to genes
2025-05-28 10:04:26,891 - DEBUG - Seen 37740 genes until now
2025-05-28 10:04:26,891 - DEBUG - Parsing Chromosome X strand + [line 1602700]
2025-05-28 10:04:26,974 - DEBUG - Done with X+ [line 1630814]
2025-05-28 10:04:26,974 - DEBUG - Assigning indexes to genes
2025-05-28 10:04:26,976 - DEBUG - Seen 38460 genes until now
2025-05-28 10:04:26,976 - DEBUG - Parsing Chromosome Y strand - [line 1630815]
2025-05-28 10:04:26,982 - DEBUG - Done with Y- [line 1632486]
2025-05-28 10:04:26,982 - DEBUG - Assigning indexes to genes
2025-05-28 10:04:26,982 - DEBUG - Seen 38540 genes until now
2025-05-28 10:04:26,982 - DEBUG - Parsing Chromosome Y strand + [line 1632487]
2025-05-28 10:04:26,987 - DEBUG - Assigning indexes to genes
2025-05-28 10:04:26,987 - DEBUG - Done with Y+ [line 1634012]
2025-05-28 10:04:26,987 - DEBUG - Fixing corner cases of transcript models containg intron longer than 1000Kbp
2025-05-28 10:04:27,729 - DEBUG - Generated 1361248 features corresponding to 90724 transcript models from /groups/mpistaff/Cranio_Lab/Louk_Seton/4_species_project/cellranger_related/cellranger-9.0.1/reference_genomes/GRCr8/genes/genes.gtf
2025-05-28 10:04:27,743 - INFO - Scan /groups/mpistaff/Cranio_Lab/Louk_Seton/4_species_project/cellranger_related/cellranger_output/sc_rnaseq/rat/GRCr8/RE8/outs/possorted_genome_bam.bam to validate intron intervals
2025-05-28 10:04:29,047 - DEBUG - Reading /groups/mpistaff/Cranio_Lab/Louk_Seton/4_species_project/cellranger_related/cellranger_output/sc_rnaseq/rat/GRCr8/RE8/outs/possorted_genome_bam.bam
2025-05-28 10:04:29,077 - DEBUG - Read first 0 million reads
2025-05-28 10:04:29,077 - DEBUG - Marking up chromosome 1
2025-05-28 10:05:51,533 - DEBUG - Read first 10 million reads
2025-05-28 10:07:17,152 - DEBUG - Read first 20 million reads
